#
# There is insufficient memory for the Java Runtime Environment to continue.
# Native memory allocation (malloc) failed to allocate 2023376 bytes for Chunk::new
# Possible reasons:
#   The system is out of physical RAM or swap space
#   The process is running with CompressedOops enabled, and the Java Heap may be blocking the growth of the native heap
# Possible solutions:
#   Reduce memory load on the system
#   Increase physical memory or swap space
#   Check if swap backing store is full
#   Decrease Java heap size (-Xmx/-Xms)
#   Decrease number of Java threads
#   Decrease Java thread stack sizes (-Xss)
#   Set larger code cache with -XX:ReservedCodeCacheSize=
#   JVM is running with Unscaled Compressed Oops mode in which the Java heap is
#     placed in the first 4GB address space. The Java Heap base address is the
#     maximum limit for the native heap growth. Please use -XX:HeapBaseMinAddress
#     to set the Java Heap base and to place the Java Heap above 4GB virtual address.
# This output file may be truncated or incomplete.
#
#  Out of Memory Error (arena.cpp:189), pid=5380, tid=2700
#
# JRE version: OpenJDK Runtime Environment (17.0.7) (build 17.0.7+0-b2043.56-10550314)
# Java VM: OpenJDK 64-Bit Server VM (17.0.7+0-b2043.56-10550314, mixed mode, tiered, compressed oops, compressed class ptrs, g1 gc, windows-amd64)
# No core dump will be written. Minidumps are not enabled by default on client versions of Windows
#

---------------  S U M M A R Y ------------

Command Line: org.jetbrains.kotlin.cli.jvm.K2JVMCompiler @C:\Users\Lau\AndroidStudioProjects\development\app\build\20240519_2283931684535474967.compiler.options

Host: AMD Athlon Silver 3050U with Radeon Graphics   , 2 cores, 3G,  Windows 11 , 64 bit Build 22621 (10.0.22621.3085)
Time: Sun May 19 06:34:37 2024 Malay Peninsula Standard Time elapsed time: 56.022251 seconds (0d 0h 0m 56s)

---------------  T H R E A D  ---------------

Current thread (0x0000013b67cf3c10):  JavaThread "C2 CompilerThread0" daemon [_thread_in_native, id=2700, stack(0x00000029cc000000,0x00000029cc100000)]


Current CompileTask:
C2:  56022 5043       4       org.jetbrains.kotlin.cli.jvm.index.JvmDependenciesIndexImpl::search (386 bytes)

Stack: [0x00000029cc000000,0x00000029cc100000]
Native frames: (J=compiled Java code, j=interpreted, Vv=VM code, C=native code)
V  [jvm.dll+0x683bfa]
V  [jvm.dll+0x8430a4]
V  [jvm.dll+0x8449be]
V  [jvm.dll+0x845023]
V  [jvm.dll+0x24ad2f]
V  [jvm.dll+0xac25c]
V  [jvm.dll+0xac82c]
V  [jvm.dll+0x36a132]
V  [jvm.dll+0x334821]
V  [jvm.dll+0x333cca]
V  [jvm.dll+0x21d251]
V  [jvm.dll+0x21c671]
V  [jvm.dll+0x1a605d]
V  [jvm.dll+0x22c148]
V  [jvm.dll+0x22a209]
V  [jvm.dll+0x7f858c]
V  [jvm.dll+0x7f2aea]
V  [jvm.dll+0x682a35]
C  [ucrtbase.dll+0x29363]
C  [KERNEL32.DLL+0x1257d]
C  [ntdll.dll+0x5aa58]


---------------  P R O C E S S  ---------------

Threads class SMR info:
_java_thread_list=0x0000013b6c0ec930, length=12, elements={
0x0000013b5174bf40, 0x0000013b5180b1b0, 0x0000013b5180bf30, 0x0000013b67cd7660,
0x0000013b67cdc220, 0x0000013b67cdece0, 0x0000013b67cf3020, 0x0000013b67cf3c10,
0x0000013b6c012280, 0x0000013b6c02cf10, 0x0000013b6c10d260, 0x0000013b6c111b90
}

Java Threads: ( => current thread )
  0x0000013b5174bf40 JavaThread "main" [_thread_in_Java, id=6660, stack(0x00000029cb300000,0x00000029cb400000)]
  0x0000013b5180b1b0 JavaThread "Reference Handler" daemon [_thread_blocked, id=292, stack(0x00000029cba00000,0x00000029cbb00000)]
  0x0000013b5180bf30 JavaThread "Finalizer" daemon [_thread_blocked, id=11752, stack(0x00000029cbb00000,0x00000029cbc00000)]
  0x0000013b67cd7660 JavaThread "Signal Dispatcher" daemon [_thread_blocked, id=11072, stack(0x00000029cbc00000,0x00000029cbd00000)]
  0x0000013b67cdc220 JavaThread "Attach Listener" daemon [_thread_blocked, id=3160, stack(0x00000029cbd00000,0x00000029cbe00000)]
  0x0000013b67cdece0 JavaThread "Service Thread" daemon [_thread_blocked, id=16728, stack(0x00000029cbe00000,0x00000029cbf00000)]
  0x0000013b67cf3020 JavaThread "Monitor Deflation Thread" daemon [_thread_blocked, id=14416, stack(0x00000029cbf00000,0x00000029cc000000)]
=>0x0000013b67cf3c10 JavaThread "C2 CompilerThread0" daemon [_thread_in_native, id=2700, stack(0x00000029cc000000,0x00000029cc100000)]
  0x0000013b6c012280 JavaThread "C1 CompilerThread0" daemon [_thread_blocked, id=16984, stack(0x00000029cc100000,0x00000029cc200000)]
  0x0000013b6c02cf10 JavaThread "Sweeper thread" daemon [_thread_blocked, id=16200, stack(0x00000029cc200000,0x00000029cc300000)]
  0x0000013b6c10d260 JavaThread "Notification Thread" daemon [_thread_blocked, id=6188, stack(0x00000029cc300000,0x00000029cc400000)]
  0x0000013b6c111b90 JavaThread "Common-Cleaner" daemon [_thread_blocked, id=6496, stack(0x00000029cc500000,0x00000029cc600000)]

Other Threads:
  0x0000013b517ec2f0 VMThread "VM Thread" [stack: 0x00000029cb900000,0x00000029cba00000] [id=9472]
  0x0000013b6c111750 WatcherThread [stack: 0x00000029cc400000,0x00000029cc500000] [id=2020]
  0x0000013b517850e0 GCTaskThread "GC Thread#0" [stack: 0x00000029cb400000,0x00000029cb500000] [id=16372]
  0x0000013b6c391ca0 GCTaskThread "GC Thread#1" [stack: 0x00000029cc600000,0x00000029cc700000] [id=6824]
  0x0000013b5178cca0 ConcurrentGCThread "G1 Main Marker" [stack: 0x00000029cb500000,0x00000029cb600000] [id=14688]
  0x0000013b5178d6b0 ConcurrentGCThread "G1 Conc#0" [stack: 0x00000029cb600000,0x00000029cb700000] [id=15108]
  0x0000013b517c0170 ConcurrentGCThread "G1 Refine#0" [stack: 0x00000029cb700000,0x00000029cb800000] [id=1100]
  0x0000013b6c55c340 ConcurrentGCThread "G1 Refine#1" [stack: 0x00000029cc700000,0x00000029cc800000] [id=7336]
  0x0000013b517c0b90 ConcurrentGCThread "G1 Service" [stack: 0x00000029cb800000,0x00000029cb900000] [id=10792]

Threads with active compile tasks:
C2 CompilerThread0    56117 5043       4       org.jetbrains.kotlin.cli.jvm.index.JvmDependenciesIndexImpl::search (386 bytes)

VM state: not at safepoint (normal execution)

VM Mutex/Monitor currently owned by a thread: None

Heap address: 0x00000000c9c00000, size: 868 MB, Compressed Oops mode: 32-bit

CDS archive(s) not mapped
Compressed class space mapped at: 0x0000000100000000-0x0000000140000000, reserved size: 1073741824
Narrow klass base: 0x0000000000000000, Narrow klass shift: 3, Narrow klass range: 0x140000000

GC Precious Log:
 CPUs: 2 total, 2 available
 Memory: 3470M
 Large Page Support: Disabled
 NUMA Support: Disabled
 Compressed Oops: Enabled (32-bit)
 Heap Region Size: 1M
 Heap Min Capacity: 8M
 Heap Initial Capacity: 56M
 Heap Max Capacity: 868M
 Pre-touch: Disabled
 Parallel Workers: 2
 Concurrent Workers: 1
 Concurrent Refinement Workers: 2
 Periodic GC: Disabled

Heap:
 garbage-first heap   total 79872K, used 45989K [0x00000000c9c00000, 0x0000000100000000)
  region size 1024K, 8 young (8192K), 3 survivors (3072K)
 Metaspace       used 50790K, committed 51072K, reserved 1114112K
  class space    used 6072K, committed 6208K, reserved 1048576K

Heap Regions: E=young(eden), S=young(survivor), O=old, HS=humongous(starts), HC=humongous(continues), CS=collection set, F=free, OA=open archive, CA=closed archive, TAMS=top-at-mark-start (previous, next)
|   0|0x00000000c9c00000, 0x00000000c9d00000, 0x00000000c9d00000|100%|HS|  |TAMS 0x00000000c9d00000, 0x00000000c9c00000| Complete 
|   1|0x00000000c9d00000, 0x00000000c9e00000, 0x00000000c9e00000|100%|HC|  |TAMS 0x00000000c9e00000, 0x00000000c9d00000| Complete 
|   2|0x00000000c9e00000, 0x00000000c9f00000, 0x00000000c9f00000|100%|HC|  |TAMS 0x00000000c9f00000, 0x00000000c9e00000| Complete 
|   3|0x00000000c9f00000, 0x00000000ca000000, 0x00000000ca000000|100%|HC|  |TAMS 0x00000000ca000000, 0x00000000c9f00000| Complete 
|   4|0x00000000ca000000, 0x00000000ca0bf400, 0x00000000ca100000| 74%| O|  |TAMS 0x00000000ca0bf400, 0x00000000ca000000| Untracked 
|   5|0x00000000ca100000, 0x00000000ca200000, 0x00000000ca200000|100%| O|  |TAMS 0x00000000ca200000, 0x00000000ca100000| Untracked 
|   6|0x00000000ca200000, 0x00000000ca300000, 0x00000000ca300000|100%| O|  |TAMS 0x00000000ca300000, 0x00000000ca200000| Untracked 
|   7|0x00000000ca300000, 0x00000000ca400000, 0x00000000ca400000|100%| O|  |TAMS 0x00000000ca400000, 0x00000000ca300000| Untracked 
|   8|0x00000000ca400000, 0x00000000ca500000, 0x00000000ca500000|100%| O|  |TAMS 0x00000000ca500000, 0x00000000ca400000| Untracked 
|   9|0x00000000ca500000, 0x00000000ca600000, 0x00000000ca600000|100%| O|  |TAMS 0x00000000ca600000, 0x00000000ca500000| Untracked 
|  10|0x00000000ca600000, 0x00000000ca700000, 0x00000000ca700000|100%| O|  |TAMS 0x00000000ca700000, 0x00000000ca600000| Untracked 
|  11|0x00000000ca700000, 0x00000000ca800000, 0x00000000ca800000|100%| O|  |TAMS 0x00000000ca800000, 0x00000000ca700000| Untracked 
|  12|0x00000000ca800000, 0x00000000ca900000, 0x00000000ca900000|100%| O|  |TAMS 0x00000000ca900000, 0x00000000ca800000| Untracked 
|  13|0x00000000ca900000, 0x00000000caa00000, 0x00000000caa00000|100%| O|  |TAMS 0x00000000caa00000, 0x00000000ca900000| Untracked 
|  14|0x00000000caa00000, 0x00000000cab00000, 0x00000000cab00000|100%| O|  |TAMS 0x00000000cab00000, 0x00000000caa00000| Untracked 
|  15|0x00000000cab00000, 0x00000000cac00000, 0x00000000cac00000|100%| O|  |TAMS 0x00000000cac00000, 0x00000000cab00000| Untracked 
|  16|0x00000000cac00000, 0x00000000cad00000, 0x00000000cad00000|100%| O|  |TAMS 0x00000000cad00000, 0x00000000cac00000| Untracked 
|  17|0x00000000cad00000, 0x00000000cae00000, 0x00000000cae00000|100%| O|  |TAMS 0x00000000cae00000, 0x00000000cad00000| Untracked 
|  18|0x00000000cae00000, 0x00000000caf00000, 0x00000000caf00000|100%| O|  |TAMS 0x00000000caf00000, 0x00000000cae00000| Untracked 
|  19|0x00000000caf00000, 0x00000000cb000000, 0x00000000cb000000|100%| O|  |TAMS 0x00000000cb000000, 0x00000000caf00000| Untracked 
|  20|0x00000000cb000000, 0x00000000cb100000, 0x00000000cb100000|100%| O|  |TAMS 0x00000000cb100000, 0x00000000cb000000| Untracked 
|  21|0x00000000cb100000, 0x00000000cb200000, 0x00000000cb200000|100%| O|  |TAMS 0x00000000cb200000, 0x00000000cb100000| Untracked 
|  22|0x00000000cb200000, 0x00000000cb300000, 0x00000000cb300000|100%| O|  |TAMS 0x00000000cb300000, 0x00000000cb200000| Untracked 
|  23|0x00000000cb300000, 0x00000000cb400000, 0x00000000cb400000|100%| O|  |TAMS 0x00000000cb400000, 0x00000000cb300000| Untracked 
|  24|0x00000000cb400000, 0x00000000cb500000, 0x00000000cb500000|100%| O|  |TAMS 0x00000000cb500000, 0x00000000cb400000| Untracked 
|  25|0x00000000cb500000, 0x00000000cb600000, 0x00000000cb600000|100%| O|  |TAMS 0x00000000cb600000, 0x00000000cb500000| Untracked 
|  26|0x00000000cb600000, 0x00000000cb700000, 0x00000000cb700000|100%| O|  |TAMS 0x00000000cb700000, 0x00000000cb600000| Untracked 
|  27|0x00000000cb700000, 0x00000000cb800000, 0x00000000cb800000|100%| O|  |TAMS 0x00000000cb800000, 0x00000000cb700000| Untracked 
|  28|0x00000000cb800000, 0x00000000cb900000, 0x00000000cb900000|100%|HS|  |TAMS 0x00000000cb900000, 0x00000000cb800000| Complete 
|  29|0x00000000cb900000, 0x00000000cba00000, 0x00000000cba00000|100%|HC|  |TAMS 0x00000000cba00000, 0x00000000cb900000| Complete 
|  30|0x00000000cba00000, 0x00000000cbb00000, 0x00000000cbb00000|100%| O|  |TAMS 0x00000000cbb00000, 0x00000000cba00000| Untracked 
|  31|0x00000000cbb00000, 0x00000000cbc00000, 0x00000000cbc00000|100%| O|  |TAMS 0x00000000cbc00000, 0x00000000cbb00000| Untracked 
|  32|0x00000000cbc00000, 0x00000000cbd00000, 0x00000000cbd00000|100%| O|  |TAMS 0x00000000cbd00000, 0x00000000cbc00000| Untracked 
|  33|0x00000000cbd00000, 0x00000000cbe00000, 0x00000000cbe00000|100%| O|  |TAMS 0x00000000cbe00000, 0x00000000cbd00000| Untracked 
|  34|0x00000000cbe00000, 0x00000000cbf00000, 0x00000000cbf00000|100%| O|  |TAMS 0x00000000cbf00000, 0x00000000cbe00000| Untracked 
|  35|0x00000000cbf00000, 0x00000000cc000000, 0x00000000cc000000|100%| O|  |TAMS 0x00000000cc000000, 0x00000000cbf00000| Untracked 
|  36|0x00000000cc000000, 0x00000000cc02a000, 0x00000000cc100000| 16%| O|  |TAMS 0x00000000cc000000, 0x00000000cc000000| Untracked 
|  37|0x00000000cc100000, 0x00000000cc200000, 0x00000000cc200000|100%| O|  |TAMS 0x00000000cc200000, 0x00000000cc100000| Untracked 
|  38|0x00000000cc200000, 0x00000000cc300000, 0x00000000cc300000|100%| O|  |TAMS 0x00000000cc283000, 0x00000000cc200000| Untracked 
|  39|0x00000000cc300000, 0x00000000cc300000, 0x00000000cc400000|  0%| F|  |TAMS 0x00000000cc300000, 0x00000000cc300000| Untracked 
|  40|0x00000000cc400000, 0x00000000cc400000, 0x00000000cc500000|  0%| F|  |TAMS 0x00000000cc400000, 0x00000000cc400000| Untracked 
|  41|0x00000000cc500000, 0x00000000cc500000, 0x00000000cc600000|  0%| F|  |TAMS 0x00000000cc500000, 0x00000000cc500000| Untracked 
|  42|0x00000000cc600000, 0x00000000cc600000, 0x00000000cc700000|  0%| F|  |TAMS 0x00000000cc600000, 0x00000000cc600000| Untracked 
|  43|0x00000000cc700000, 0x00000000cc700000, 0x00000000cc800000|  0%| F|  |TAMS 0x00000000cc700000, 0x00000000cc700000| Untracked 
|  44|0x00000000cc800000, 0x00000000cc800000, 0x00000000cc900000|  0%| F|  |TAMS 0x00000000cc800000, 0x00000000cc800000| Untracked 
|  45|0x00000000cc900000, 0x00000000cc900000, 0x00000000cca00000|  0%| F|  |TAMS 0x00000000cc900000, 0x00000000cc900000| Untracked 
|  46|0x00000000cca00000, 0x00000000cca00000, 0x00000000ccb00000|  0%| F|  |TAMS 0x00000000cca00000, 0x00000000cca00000| Untracked 
|  47|0x00000000ccb00000, 0x00000000ccb00000, 0x00000000ccc00000|  0%| F|  |TAMS 0x00000000ccb00000, 0x00000000ccb00000| Untracked 
|  48|0x00000000ccc00000, 0x00000000ccc00000, 0x00000000ccd00000|  0%| F|  |TAMS 0x00000000ccc00000, 0x00000000ccc00000| Untracked 
|  49|0x00000000ccd00000, 0x00000000ccd00000, 0x00000000cce00000|  0%| F|  |TAMS 0x00000000ccd00000, 0x00000000ccd00000| Untracked 
|  50|0x00000000cce00000, 0x00000000cce00000, 0x00000000ccf00000|  0%| F|  |TAMS 0x00000000cce00000, 0x00000000cce00000| Untracked 
|  51|0x00000000ccf00000, 0x00000000ccf00000, 0x00000000cd000000|  0%| F|  |TAMS 0x00000000ccf00000, 0x00000000ccf00000| Untracked 
|  52|0x00000000cd000000, 0x00000000cd000000, 0x00000000cd100000|  0%| F|  |TAMS 0x00000000cd000000, 0x00000000cd000000| Untracked 
|  53|0x00000000cd100000, 0x00000000cd100000, 0x00000000cd200000|  0%| F|  |TAMS 0x00000000cd100000, 0x00000000cd100000| Untracked 
|  54|0x00000000cd200000, 0x00000000cd300000, 0x00000000cd300000|100%| S|CS|TAMS 0x00000000cd200000, 0x00000000cd200000| Complete 
|  55|0x00000000cd300000, 0x00000000cd400000, 0x00000000cd400000|100%| S|CS|TAMS 0x00000000cd300000, 0x00000000cd300000| Complete 
|  56|0x00000000cd400000, 0x00000000cd500000, 0x00000000cd500000|100%| S|CS|TAMS 0x00000000cd400000, 0x00000000cd400000| Complete 
|  57|0x00000000cd500000, 0x00000000cd500000, 0x00000000cd600000|  0%| F|  |TAMS 0x00000000cd500000, 0x00000000cd500000| Untracked 
|  58|0x00000000cd600000, 0x00000000cd600000, 0x00000000cd700000|  0%| F|  |TAMS 0x00000000cd600000, 0x00000000cd600000| Untracked 
|  59|0x00000000cd700000, 0x00000000cd700000, 0x00000000cd800000|  0%| F|  |TAMS 0x00000000cd700000, 0x00000000cd700000| Untracked 
|  60|0x00000000cd800000, 0x00000000cd800000, 0x00000000cd900000|  0%| F|  |TAMS 0x00000000cd800000, 0x00000000cd800000| Untracked 
|  61|0x00000000cd900000, 0x00000000cd900000, 0x00000000cda00000|  0%| F|  |TAMS 0x00000000cd900000, 0x00000000cd900000| Untracked 
|  62|0x00000000cda00000, 0x00000000cda00000, 0x00000000cdb00000|  0%| F|  |TAMS 0x00000000cda00000, 0x00000000cda00000| Untracked 
|  63|0x00000000cdb00000, 0x00000000cdb00000, 0x00000000cdc00000|  0%| F|  |TAMS 0x00000000cdb00000, 0x00000000cdb00000| Untracked 
|  64|0x00000000cdc00000, 0x00000000cdc00000, 0x00000000cdd00000|  0%| F|  |TAMS 0x00000000cdc00000, 0x00000000cdc00000| Untracked 
|  65|0x00000000cdd00000, 0x00000000cdd00000, 0x00000000cde00000|  0%| F|  |TAMS 0x00000000cdd00000, 0x00000000cdd00000| Untracked 
|  66|0x00000000cde00000, 0x00000000cde00000, 0x00000000cdf00000|  0%| F|  |TAMS 0x00000000cde00000, 0x00000000cde00000| Untracked 
|  67|0x00000000cdf00000, 0x00000000cdf00000, 0x00000000ce000000|  0%| F|  |TAMS 0x00000000cdf00000, 0x00000000cdf00000| Untracked 
|  68|0x00000000ce000000, 0x00000000ce000000, 0x00000000ce100000|  0%| F|  |TAMS 0x00000000ce000000, 0x00000000ce000000| Untracked 
|  69|0x00000000ce100000, 0x00000000ce100000, 0x00000000ce200000|  0%| F|  |TAMS 0x00000000ce100000, 0x00000000ce100000| Untracked 
|  70|0x00000000ce200000, 0x00000000ce200000, 0x00000000ce300000|  0%| F|  |TAMS 0x00000000ce200000, 0x00000000ce200000| Untracked 
|  71|0x00000000ce300000, 0x00000000ce300000, 0x00000000ce400000|  0%| F|  |TAMS 0x00000000ce300000, 0x00000000ce300000| Untracked 
|  72|0x00000000ce400000, 0x00000000ce400000, 0x00000000ce500000|  0%| F|  |TAMS 0x00000000ce400000, 0x00000000ce400000| Untracked 
|  73|0x00000000ce500000, 0x00000000ce55b628, 0x00000000ce600000| 35%| E|  |TAMS 0x00000000ce500000, 0x00000000ce500000| Complete 
|  74|0x00000000ce600000, 0x00000000ce700000, 0x00000000ce700000|100%| E|CS|TAMS 0x00000000ce600000, 0x00000000ce600000| Complete 
|  75|0x00000000ce700000, 0x00000000ce800000, 0x00000000ce800000|100%| E|CS|TAMS 0x00000000ce700000, 0x00000000ce700000| Complete 
|  76|0x00000000ce800000, 0x00000000ce900000, 0x00000000ce900000|100%| E|CS|TAMS 0x00000000ce800000, 0x00000000ce800000| Complete 
|  77|0x00000000ce900000, 0x00000000cea00000, 0x00000000cea00000|100%| E|CS|TAMS 0x00000000ce900000, 0x00000000ce900000| Complete 

Card table byte_map: [0x0000013b514d0000,0x0000013b51690000] _byte_map_base: 0x0000013b50e82000

Marking Bits (Prev, Next): (CMBitMap*) 0x0000013b51785730, (CMBitMap*) 0x0000013b517856f0
 Prev Bits: [0x0000013b64b70000, 0x0000013b65900000)
 Next Bits: [0x0000013b63de0000, 0x0000013b64b70000)

Polling page: 0x0000013b4f6b0000

Metaspace:

Usage:
  Non-class:     43.67 MB used.
      Class:      5.93 MB used.
       Both:     49.60 MB used.

Virtual space:
  Non-class space:       64.00 MB reserved,      43.81 MB ( 68%) committed,  1 nodes.
      Class space:        1.00 GB reserved,       6.06 MB ( <1%) committed,  1 nodes.
             Both:        1.06 GB reserved,      49.88 MB (  5%) committed. 

Chunk freelists:
   Non-Class:  3.67 MB
       Class:  9.97 MB
        Both:  13.64 MB

MaxMetaspaceSize: unlimited
CompressedClassSpaceSize: 1.00 GB
Initial GC threshold: 21.00 MB
Current GC threshold: 83.06 MB
CDS: off
MetaspaceReclaimPolicy: balanced
 - commit_granule_bytes: 65536.
 - commit_granule_words: 8192.
 - virtual_space_node_default_size: 8388608.
 - enlarge_chunks_in_place: 1.
 - new_chunks_are_fully_committed: 0.
 - uncommit_free_chunks: 1.
 - use_allocation_guard: 0.
 - handle_deallocations: 1.


Internal statistics:

num_allocs_failed_limit: 3.
num_arena_births: 202.
num_arena_deaths: 0.
num_vsnodes_births: 2.
num_vsnodes_deaths: 0.
num_space_committed: 796.
num_space_uncommitted: 0.
num_chunks_returned_to_freelist: 3.
num_chunks_taken_from_freelist: 1683.
num_chunk_merges: 3.
num_chunk_splits: 1393.
num_chunks_enlarged: 1243.
num_inconsistent_stats: 0.

CodeHeap 'non-profiled nmethods': size=120064Kb used=2532Kb max_used=3068Kb free=117532Kb
 bounds [0x0000013b5c6e0000, 0x0000013b5c9e0000, 0x0000013b63c20000]
CodeHeap 'profiled nmethods': size=120000Kb used=9142Kb max_used=11316Kb free=110857Kb
 bounds [0x0000013b54c20000, 0x0000013b55730000, 0x0000013b5c150000]
CodeHeap 'non-nmethods': size=5696Kb used=1267Kb max_used=1315Kb free=4428Kb
 bounds [0x0000013b5c150000, 0x0000013b5c3c0000, 0x0000013b5c6e0000]
 total_blobs=4830 nmethods=4249 adapters=492
 compilation: enabled
              stopped_count=0, restarted_count=0
 full_count=0

Compilation events (20 events):
Event: 55.916 Thread 0x0000013b6c012280 5049       3       org.jetbrains.kotlin.com.intellij.openapi.vfs.impl.ZipHandler$1::createAccessor (9 bytes)
Event: 55.916 Thread 0x0000013b6c012280 nmethod 5049 0x0000013b54ca7490 code [0x0000013b54ca7640, 0x0000013b54ca7868]
Event: 55.917 Thread 0x0000013b6c012280 5050       3       org.jetbrains.kotlin.com.intellij.openapi.vfs.impl.ZipHandler::access$002 (7 bytes)
Event: 55.917 Thread 0x0000013b6c012280 nmethod 5050 0x0000013b54d17a90 code [0x0000013b54d17c20, 0x0000013b54d17d38]
Event: 55.917 Thread 0x0000013b6c012280 5051       3       org.jetbrains.kotlin.com.intellij.openapi.vfs.impl.ZipHandler::access$102 (7 bytes)
Event: 55.917 Thread 0x0000013b6c012280 nmethod 5051 0x0000013b54d3fb90 code [0x0000013b54d3fd20, 0x0000013b54d3fe38]
Event: 55.917 Thread 0x0000013b6c012280 5052       3       org.jetbrains.kotlin.com.intellij.util.io.FileAccessorCache$Handle::<init> (43 bytes)
Event: 55.918 Thread 0x0000013b6c012280 nmethod 5052 0x0000013b54c8aa90 code [0x0000013b54c8ac80, 0x0000013b54c8b1d8]
Event: 55.918 Thread 0x0000013b6c012280 5054   !   3       org.jetbrains.kotlin.com.intellij.util.io.FileAccessorCache::disposeInvalidAccessors (100 bytes)
Event: 55.918 Thread 0x0000013b6c012280 nmethod 5054 0x0000013b54e33810 code [0x0000013b54e33a80, 0x0000013b54e34828]
Event: 55.918 Thread 0x0000013b6c012280 5053       3       org.jetbrains.kotlin.com.intellij.util.io.ResourceHandle::<init> (5 bytes)
Event: 55.919 Thread 0x0000013b6c012280 nmethod 5053 0x0000013b54de6b10 code [0x0000013b54de6ca0, 0x0000013b54de6df8]
Event: 55.919 Thread 0x0000013b6c012280 5055       1       javaslang.collection.HashArrayMappedTrieModule$LeafSingleton::size (2 bytes)
Event: 55.919 Thread 0x0000013b6c012280 nmethod 5055 0x0000013b5c938710 code [0x0000013b5c9388a0, 0x0000013b5c938978]
Event: 55.921 Thread 0x0000013b6c012280 5057       3       org.jetbrains.kotlin.com.intellij.util.keyFMap.OneElementFMap::plus (64 bytes)
Event: 55.921 Thread 0x0000013b6c012280 nmethod 5057 0x0000013b5502f710 code [0x0000013b5502f920, 0x0000013b5502ff68]
Event: 55.924 Thread 0x0000013b6c012280 5058       3       javaslang.collection.HashArrayMappedTrieModule$AbstractNode::<init> (5 bytes)
Event: 55.924 Thread 0x0000013b6c012280 nmethod 5058 0x0000013b54dfb110 code [0x0000013b54dfb2a0, 0x0000013b54dfb3f8]
Event: 55.933 Thread 0x0000013b6c012280 5059       1       org.jetbrains.kotlin.metadata.ProtoBuf$Annotation$Argument$Value::getType (5 bytes)
Event: 55.933 Thread 0x0000013b6c012280 nmethod 5059 0x0000013b5c7f1c90 code [0x0000013b5c7f1e20, 0x0000013b5c7f1ef8]

GC Heap History (20 events):
Event: 47.735 GC heap before
{Heap before GC invocations=26 (full 0):
 garbage-first heap   total 46080K, used 29923K [0x00000000c9c00000, 0x0000000100000000)
  region size 1024K, 5 young (5120K), 2 survivors (2048K)
 Metaspace       used 45757K, committed 46016K, reserved 1114112K
  class space    used 5559K, committed 5696K, reserved 1048576K
}
Event: 47.745 GC heap after
{Heap after GC invocations=27 (full 0):
 garbage-first heap   total 46080K, used 28499K [0x00000000c9c00000, 0x0000000100000000)
  region size 1024K, 1 young (1024K), 1 survivors (1024K)
 Metaspace       used 45757K, committed 46016K, reserved 1114112K
  class space    used 5559K, committed 5696K, reserved 1048576K
}
Event: 48.360 GC heap before
{Heap before GC invocations=28 (full 0):
 garbage-first heap   total 55296K, used 37715K [0x00000000c9c00000, 0x0000000100000000)
  region size 1024K, 8 young (8192K), 1 survivors (1024K)
 Metaspace       used 47059K, committed 47296K, reserved 1114112K
  class space    used 5694K, committed 5824K, reserved 1048576K
}
Event: 48.372 GC heap after
{Heap after GC invocations=29 (full 0):
 garbage-first heap   total 55296K, used 31658K [0x00000000c9c00000, 0x0000000100000000)
  region size 1024K, 1 young (1024K), 1 survivors (1024K)
 Metaspace       used 47059K, committed 47296K, reserved 1114112K
  class space    used 5694K, committed 5824K, reserved 1048576K
}
Event: 48.891 GC heap before
{Heap before GC invocations=29 (full 0):
 garbage-first heap   total 55296K, used 42922K [0x00000000c9c00000, 0x0000000100000000)
  region size 1024K, 12 young (12288K), 1 survivors (1024K)
 Metaspace       used 47593K, committed 47872K, reserved 1114112K
  class space    used 5748K, committed 5888K, reserved 1048576K
}
Event: 48.895 GC heap after
{Heap after GC invocations=30 (full 0):
 garbage-first heap   total 55296K, used 33782K [0x00000000c9c00000, 0x0000000100000000)
  region size 1024K, 2 young (2048K), 2 survivors (2048K)
 Metaspace       used 47593K, committed 47872K, reserved 1114112K
  class space    used 5748K, committed 5888K, reserved 1048576K
}
Event: 49.752 GC heap before
{Heap before GC invocations=31 (full 0):
 garbage-first heap   total 60416K, used 42998K [0x00000000c9c00000, 0x0000000100000000)
  region size 1024K, 11 young (11264K), 2 survivors (2048K)
 Metaspace       used 47653K, committed 47936K, reserved 1114112K
  class space    used 5748K, committed 5888K, reserved 1048576K
}
Event: 49.757 GC heap after
{Heap after GC invocations=32 (full 0):
 garbage-first heap   total 60416K, used 34703K [0x00000000c9c00000, 0x0000000100000000)
  region size 1024K, 1 young (1024K), 1 survivors (1024K)
 Metaspace       used 47653K, committed 47936K, reserved 1114112K
  class space    used 5748K, committed 5888K, reserved 1048576K
}
Event: 49.974 GC heap before
{Heap before GC invocations=32 (full 0):
 garbage-first heap   total 60416K, used 37775K [0x00000000c9c00000, 0x0000000100000000)
  region size 1024K, 5 young (5120K), 1 survivors (1024K)
 Metaspace       used 47709K, committed 48000K, reserved 1114112K
  class space    used 5748K, committed 5888K, reserved 1048576K
}
Event: 49.977 GC heap after
{Heap after GC invocations=33 (full 0):
 garbage-first heap   total 60416K, used 35800K [0x00000000c9c00000, 0x0000000100000000)
  region size 1024K, 2 young (2048K), 2 survivors (2048K)
 Metaspace       used 47709K, committed 48000K, reserved 1114112K
  class space    used 5748K, committed 5888K, reserved 1048576K
}
Event: 50.301 GC heap before
{Heap before GC invocations=34 (full 0):
 garbage-first heap   total 66560K, used 45016K [0x00000000c9c00000, 0x0000000100000000)
  region size 1024K, 11 young (11264K), 2 survivors (2048K)
 Metaspace       used 47756K, committed 48064K, reserved 1114112K
  class space    used 5748K, committed 5888K, reserved 1048576K
}
Event: 50.306 GC heap after
{Heap after GC invocations=35 (full 0):
 garbage-first heap   total 66560K, used 38256K [0x00000000c9c00000, 0x0000000100000000)
  region size 1024K, 2 young (2048K), 2 survivors (2048K)
 Metaspace       used 47756K, committed 48064K, reserved 1114112K
  class space    used 5748K, committed 5888K, reserved 1048576K
}
Event: 50.639 GC heap before
{Heap before GC invocations=35 (full 0):
 garbage-first heap   total 66560K, used 49520K [0x00000000c9c00000, 0x0000000100000000)
  region size 1024K, 13 young (13312K), 2 survivors (2048K)
 Metaspace       used 47788K, committed 48064K, reserved 1114112K
  class space    used 5748K, committed 5888K, reserved 1048576K
}
Event: 50.642 GC heap after
{Heap after GC invocations=36 (full 0):
 garbage-first heap   total 79872K, used 38216K [0x00000000c9c00000, 0x0000000100000000)
  region size 1024K, 2 young (2048K), 2 survivors (2048K)
 Metaspace       used 47788K, committed 48064K, reserved 1114112K
  class space    used 5748K, committed 5888K, reserved 1048576K
}
Event: 52.873 GC heap before
{Heap before GC invocations=37 (full 0):
 garbage-first heap   total 79872K, used 56648K [0x00000000c9c00000, 0x0000000100000000)
  region size 1024K, 21 young (21504K), 2 survivors (2048K)
 Metaspace       used 50247K, committed 50496K, reserved 1114112K
  class space    used 6027K, committed 6144K, reserved 1048576K
}
Event: 52.878 GC heap after
{Heap after GC invocations=38 (full 0):
 garbage-first heap   total 79872K, used 39134K [0x00000000c9c00000, 0x0000000100000000)
  region size 1024K, 3 young (3072K), 3 survivors (3072K)
 Metaspace       used 50247K, committed 50496K, reserved 1114112K
  class space    used 6027K, committed 6144K, reserved 1048576K
}
Event: 52.960 GC heap before
{Heap before GC invocations=38 (full 0):
 garbage-first heap   total 79872K, used 39134K [0x00000000c9c00000, 0x0000000100000000)
  region size 1024K, 4 young (4096K), 3 survivors (3072K)
 Metaspace       used 50306K, committed 50560K, reserved 1114112K
  class space    used 6027K, committed 6144K, reserved 1048576K
}
Event: 52.964 GC heap after
{Heap after GC invocations=39 (full 0):
 garbage-first heap   total 79872K, used 38540K [0x00000000c9c00000, 0x0000000100000000)
  region size 1024K, 1 young (1024K), 1 survivors (1024K)
 Metaspace       used 50306K, committed 50560K, reserved 1114112K
  class space    used 6027K, committed 6144K, reserved 1048576K
}
Event: 55.321 GC heap before
{Heap before GC invocations=39 (full 0):
 garbage-first heap   total 79872K, used 59020K [0x00000000c9c00000, 0x0000000100000000)
  region size 1024K, 21 young (21504K), 1 survivors (1024K)
 Metaspace       used 50775K, committed 51008K, reserved 1114112K
  class space    used 6068K, committed 6208K, reserved 1048576K
}
Event: 55.328 GC heap after
{Heap after GC invocations=40 (full 0):
 garbage-first heap   total 79872K, used 41893K [0x00000000c9c00000, 0x0000000100000000)
  region size 1024K, 3 young (3072K), 3 survivors (3072K)
 Metaspace       used 50775K, committed 51008K, reserved 1114112K
  class space    used 6068K, committed 6208K, reserved 1048576K
}

Dll operation events (2 events):
Event: 0.465 Loaded shared library C:\Program Files\Android\Android Studio\jbr\bin\java.dll
Event: 16.988 Loaded shared library C:\Program Files\Android\Android Studio\jbr\bin\verify.dll

Deoptimization events (20 events):
Event: 54.436 Thread 0x0000013b5174bf40 DEOPT PACKING pc=0x0000013b5c8fb7ec sp=0x00000029cb3fc930
Event: 54.436 Thread 0x0000013b5174bf40 DEOPT UNPACKING pc=0x0000013b5c1a69a3 sp=0x00000029cb3fc840 mode 2
Event: 54.436 Thread 0x0000013b5174bf40 Uncommon trap: trap_request=0xffffff45 fr.pc=0x0000013b5c8bca98 relative=0x00000000000001f8
Event: 54.436 Thread 0x0000013b5174bf40 Uncommon trap: reason=unstable_if action=reinterpret pc=0x0000013b5c8bca98 method=java.lang.StringUTF16.compress([CII)[B @ 13 c2
Event: 54.436 Thread 0x0000013b5174bf40 DEOPT PACKING pc=0x0000013b5c8bca98 sp=0x00000029cb3fc720
Event: 54.436 Thread 0x0000013b5174bf40 DEOPT UNPACKING pc=0x0000013b5c1a69a3 sp=0x00000029cb3fc6a8 mode 2
Event: 54.484 Thread 0x0000013b5174bf40 Uncommon trap: trap_request=0xffffff54 fr.pc=0x0000013b5c9b1c7c relative=0x0000000000000b3c
Event: 54.484 Thread 0x0000013b5174bf40 Uncommon trap: reason=speculate_null_assert action=make_not_entrant pc=0x0000013b5c9b1c7c method=org.jetbrains.kotlin.protobuf.FieldSet.addRepeatedField(Lorg/jetbrains/kotlin/protobuf/FieldSet$FieldDescriptorLite;Ljava/lang/Object;)V @ 37 c2
Event: 54.484 Thread 0x0000013b5174bf40 DEOPT PACKING pc=0x0000013b5c9b1c7c sp=0x00000029cb3fca90
Event: 54.484 Thread 0x0000013b5174bf40 DEOPT UNPACKING pc=0x0000013b5c1a69a3 sp=0x00000029cb3fc9a8 mode 2
Event: 54.526 Thread 0x0000013b5174bf40 Uncommon trap: trap_request=0xffffffbe fr.pc=0x0000013b5c9c2ac8 relative=0x00000000000013a8
Event: 54.526 Thread 0x0000013b5174bf40 Uncommon trap: reason=profile_predicate action=maybe_recompile pc=0x0000013b5c9c2ac8 method=gnu.trove.TObjectHash.insertionIndex(Ljava/lang/Object;)I @ 115 c2
Event: 54.526 Thread 0x0000013b5174bf40 DEOPT PACKING pc=0x0000013b5c9c2ac8 sp=0x00000029cb3fd5b0
Event: 54.526 Thread 0x0000013b5174bf40 DEOPT UNPACKING pc=0x0000013b5c1a69a3 sp=0x00000029cb3fd560 mode 2
Event: 54.728 Thread 0x0000013b5174bf40 Uncommon trap: trap_request=0xffffffbe fr.pc=0x0000013b5c9c2ac8 relative=0x00000000000013a8
Event: 54.728 Thread 0x0000013b5174bf40 Uncommon trap: reason=profile_predicate action=maybe_recompile pc=0x0000013b5c9c2ac8 method=gnu.trove.TObjectHash.insertionIndex(Ljava/lang/Object;)I @ 115 c2
Event: 54.728 Thread 0x0000013b5174bf40 DEOPT PACKING pc=0x0000013b5c9c2ac8 sp=0x00000029cb3fd5b0
Event: 54.728 Thread 0x0000013b5174bf40 DEOPT UNPACKING pc=0x0000013b5c1a69a3 sp=0x00000029cb3fd560 mode 2
Event: 55.018 Thread 0x0000013b5174bf40 DEOPT PACKING pc=0x0000013b5559b74d sp=0x00000029cb3fcee0
Event: 55.018 Thread 0x0000013b5174bf40 DEOPT UNPACKING pc=0x0000013b5c1a7143 sp=0x00000029cb3fc370 mode 0

Classes unloaded (0 events):
No events

Classes redefined (0 events):
No events

Internal exceptions (20 events):
Event: 15.146 Thread 0x0000013b5174bf40 Exception <a 'java/lang/NoSuchMethodError'{0x00000000cb3afc10}: 'int java.lang.invoke.DirectMethodHandle$Holder.invokeStaticInit(java.lang.Object, java.lang.Object)'> (0x00000000cb3afc10) 
thrown [s\src\hotspot\share\interpreter\linkResolver.cpp, line 771]
Event: 15.308 Thread 0x0000013b5174bf40 Exception <a 'java/lang/NoSuchMethodError'{0x00000000cb28d3e8}: 'void java.lang.invoke.DirectMethodHandle$Holder.invokeSpecial(java.lang.Object, java.lang.Object, java.lang.Object)'> (0x00000000cb28d3e8) 
thrown [s\src\hotspot\share\interpreter\linkResolver.cpp, line 771]
Event: 16.422 Thread 0x0000013b5174bf40 Exception <a 'java/lang/NoSuchMethodError'{0x00000000cafb2d60}: 'void java.lang.invoke.DirectMethodHandle$Holder.invokeStatic(java.lang.Object, java.lang.Object, java.lang.Object, java.lang.Object)'> (0x00000000cafb2d60) 
thrown [s\src\hotspot\share\interpreter\linkResolver.cpp, line 771]
Event: 16.875 Thread 0x0000013b5174bf40 Exception <a 'java/lang/NoSuchMethodError'{0x00000000cab823b8}: 'void java.lang.invoke.DirectMethodHandle$Holder.invokeStaticInit(java.lang.Object, java.lang.Object)'> (0x00000000cab823b8) 
thrown [s\src\hotspot\share\interpreter\linkResolver.cpp, line 771]
Event: 17.640 Thread 0x0000013b5174bf40 Exception <a 'java/lang/NoSuchMethodError'{0x00000000cd05cf10}: 'void java.lang.invoke.DirectMethodHandle$Holder.invokeVirtual(java.lang.Object, java.lang.Object)'> (0x00000000cd05cf10) 
thrown [s\src\hotspot\share\interpreter\linkResolver.cpp, line 771]
Event: 17.657 Thread 0x0000013b5174bf40 Exception <a 'java/lang/NoSuchMethodError'{0x00000000cd0a9540}: 'int java.lang.invoke.DirectMethodHandle$Holder.invokeVirtual(java.lang.Object, java.lang.Object)'> (0x00000000cd0a9540) 
thrown [s\src\hotspot\share\interpreter\linkResolver.cpp, line 771]
Event: 17.828 Thread 0x0000013b5174bf40 Exception <a 'java/lang/NoSuchMethodError'{0x00000000cb944890}: 'java.lang.Object java.lang.invoke.Invokers$Holder.invokeExact_MT(java.lang.Object, java.lang.Object, java.lang.Object, java.lang.Object, java.lang.Object, java.lang.Object)'> (0x00000000cb944890) 
thrown [s\src\hotspot\share\interpreter\linkResolver.cpp, line 771]
Event: 25.659 Thread 0x0000013b5174bf40 Implicit null exception at 0x0000013b5c7d1277 to 0x0000013b5c7d12f0
Event: 32.722 Thread 0x0000013b5174bf40 Implicit null exception at 0x0000013b5c6fb572 to 0x0000013b5c6fbb40
Event: 36.254 Thread 0x0000013b5174bf40 Implicit null exception at 0x0000013b5c6fc1f2 to 0x0000013b5c6fc7d0
Event: 37.424 Thread 0x0000013b5174bf40 Exception <a 'java/lang/NoSuchMethodError'{0x00000000cbffcb08}: 'java.lang.Object java.lang.invoke.DirectMethodHandle$Holder.invokeVirtual(java.lang.Object, java.lang.Object, java.lang.Object)'> (0x00000000cbffcb08) 
thrown [s\src\hotspot\share\interpreter\linkResolver.cpp, line 771]
Event: 41.707 Thread 0x0000013b5174bf40 Implicit null exception at 0x0000013b5c7d16f0 to 0x0000013b5c7d175c
Event: 44.289 Thread 0x0000013b5174bf40 Exception <a 'java/lang/NoSuchMethodError'{0x00000000cd33c2e0}: 'java.lang.Object java.lang.invoke.DirectMethodHandle$Holder.newInvokeSpecial(java.lang.Object, java.lang.Object, int)'> (0x00000000cd33c2e0) 
thrown [s\src\hotspot\share\interpreter\linkResolver.cpp, line 771]
Event: 44.909 Thread 0x0000013b5174bf40 Implicit null exception at 0x0000013b5c8382d3 to 0x0000013b5c8383d4
Event: 45.127 Thread 0x0000013b5174bf40 Implicit null exception at 0x0000013b5c83f74c to 0x0000013b5c83f828
Event: 47.437 Thread 0x0000013b5174bf40 Implicit null exception at 0x0000013b5c875cfc to 0x0000013b5c877420
Event: 52.644 Thread 0x0000013b5174bf40 Exception <a 'java/lang/NoSuchMethodError'{0x00000000cda51b88}: 'java.lang.Object java.lang.invoke.DirectMethodHandle$Holder.newInvokeSpecial(java.lang.Object, java.lang.Object, java.lang.Object, java.lang.Object, java.lang.Object, java.lang.Object)'> (0x00000000cda51b88) 
thrown [s\src\hotspot\share\interpreter\linkResolver.cpp, line 771]
Event: 54.973 Thread 0x0000013b5174bf40 Exception <a 'java/lang/NoSuchMethodError'{0x00000000cda0adc8}: 'java.lang.Object java.lang.invoke.DirectMethodHandle$Holder.newInvokeSpecial(java.lang.Object, java.lang.Object, java.lang.Object, int)'> (0x00000000cda0adc8) 
thrown [s\src\hotspot\share\interpreter\linkResolver.cpp, line 771]
Event: 54.974 Thread 0x0000013b5174bf40 Exception <a 'java/lang/NoSuchMethodError'{0x00000000cda0f358}: 'java.lang.Object java.lang.invoke.DirectMethodHandle$Holder.invokeSpecial(java.lang.Object, java.lang.Object, java.lang.Object, java.lang.Object, int)'> (0x00000000cda0f358) 
thrown [s\src\hotspot\share\interpreter\linkResolver.cpp, line 771]
Event: 54.974 Thread 0x0000013b5174bf40 Exception <a 'java/lang/NoSuchMethodError'{0x00000000cda131c8}: 'java.lang.Object java.lang.invoke.Invokers$Holder.linkToTargetMethod(java.lang.Object, java.lang.Object, int, java.lang.Object)'> (0x00000000cda131c8) 
thrown [s\src\hotspot\share\interpreter\linkResolver.cpp, line 771]

VM Operations (20 events):
Event: 52.269 Executing VM operation: HandshakeAllThreads
Event: 52.269 Executing VM operation: HandshakeAllThreads done
Event: 52.873 Executing VM operation: G1CollectForAllocation
Event: 52.878 Executing VM operation: G1CollectForAllocation done
Event: 52.960 Executing VM operation: G1CollectForAllocation
Event: 52.964 Executing VM operation: G1CollectForAllocation done
Event: 53.967 Executing VM operation: Cleanup
Event: 53.969 Executing VM operation: Cleanup done
Event: 54.770 Executing VM operation: HandshakeAllThreads
Event: 54.771 Executing VM operation: HandshakeAllThreads done
Event: 54.790 Executing VM operation: HandshakeAllThreads
Event: 54.808 Executing VM operation: HandshakeAllThreads done
Event: 54.896 Executing VM operation: HandshakeAllThreads
Event: 54.896 Executing VM operation: HandshakeAllThreads done
Event: 55.321 Executing VM operation: G1CollectForAllocation
Event: 55.336 Executing VM operation: G1CollectForAllocation done
Event: 55.390 Executing VM operation: G1Concurrent
Event: 55.419 Executing VM operation: G1Concurrent done
Event: 55.444 Executing VM operation: G1Concurrent
Event: 55.446 Executing VM operation: G1Concurrent done

Events (20 events):
Event: 54.903 Thread 0x0000013b6c02cf10 flushing nmethod 0x0000013b5547fb90
Event: 54.903 Thread 0x0000013b6c02cf10 flushing nmethod 0x0000013b55484e10
Event: 54.903 Thread 0x0000013b6c02cf10 flushing nmethod 0x0000013b55485b90
Event: 54.903 Thread 0x0000013b6c02cf10 flushing nmethod 0x0000013b55493310
Event: 54.903 Thread 0x0000013b6c02cf10 flushing nmethod 0x0000013b5549b110
Event: 54.903 Thread 0x0000013b6c02cf10 flushing nmethod 0x0000013b554aed10
Event: 54.903 Thread 0x0000013b6c02cf10 flushing nmethod 0x0000013b554b0090
Event: 54.903 Thread 0x0000013b6c02cf10 flushing nmethod 0x0000013b554b6d10
Event: 54.903 Thread 0x0000013b6c02cf10 flushing nmethod 0x0000013b554d2e90
Event: 54.903 Thread 0x0000013b6c02cf10 flushing nmethod 0x0000013b554d3a10
Event: 54.903 Thread 0x0000013b6c02cf10 flushing nmethod 0x0000013b55559210
Event: 54.903 Thread 0x0000013b6c02cf10 flushing nmethod 0x0000013b55579810
Event: 54.903 Thread 0x0000013b6c02cf10 flushing nmethod 0x0000013b55599010
Event: 54.903 Thread 0x0000013b6c02cf10 flushing nmethod 0x0000013b555aa890
Event: 54.904 Thread 0x0000013b6c02cf10 flushing nmethod 0x0000013b555d4190
Event: 54.904 Thread 0x0000013b6c02cf10 flushing nmethod 0x0000013b555e1a90
Event: 54.904 Thread 0x0000013b6c02cf10 flushing nmethod 0x0000013b555e1f10
Event: 54.904 Thread 0x0000013b6c02cf10 flushing nmethod 0x0000013b555e2890
Event: 54.904 Thread 0x0000013b6c02cf10 flushing nmethod 0x0000013b5565a610
Event: 54.904 Thread 0x0000013b6c02cf10 flushing nmethod 0x0000013b556c3a10


Dynamic libraries:
0x00007ff797320000 - 0x00007ff79732a000 	C:\Program Files\Android\Android Studio\jbr\bin\java.exe
0x00007fff6f8b0000 - 0x00007fff6fac7000 	C:\WINDOWS\SYSTEM32\ntdll.dll
0x00007fff6d7e0000 - 0x00007fff6d8a4000 	C:\WINDOWS\System32\KERNEL32.DLL
0x00007fff6ce30000 - 0x00007fff6d1d6000 	C:\WINDOWS\System32\KERNELBASE.dll
0x00007fff57100000 - 0x00007fff57117000 	C:\Program Files\Android\Android Studio\jbr\bin\jli.dll
0x00007fff6d250000 - 0x00007fff6d361000 	C:\WINDOWS\System32\ucrtbase.dll
0x00007fff5efd0000 - 0x00007fff5efeb000 	C:\Program Files\Android\Android Studio\jbr\bin\VCRUNTIME140.dll
0x00007fff6f550000 - 0x00007fff6f6fe000 	C:\WINDOWS\System32\USER32.dll
0x00007fff6d510000 - 0x00007fff6d536000 	C:\WINDOWS\System32\win32u.dll
0x00007fff5c170000 - 0x00007fff5c403000 	C:\WINDOWS\WinSxS\amd64_microsoft.windows.common-controls_6595b64144ccf1df_6.0.22621.2506_none_270c5ae97388e100\COMCTL32.dll
0x00007fff6e5a0000 - 0x00007fff6e5c9000 	C:\WINDOWS\System32\GDI32.dll
0x00007fff6efe0000 - 0x00007fff6f087000 	C:\WINDOWS\System32\msvcrt.dll
0x00007fff6cc90000 - 0x00007fff6cda8000 	C:\WINDOWS\System32\gdi32full.dll
0x00007fff6cbf0000 - 0x00007fff6cc8a000 	C:\WINDOWS\System32\msvcp_win.dll
0x00007fff6f710000 - 0x00007fff6f741000 	C:\WINDOWS\System32\IMM32.DLL
0x00007fff61a80000 - 0x00007fff61a8c000 	C:\Program Files\Android\Android Studio\jbr\bin\vcruntime140_1.dll
0x00007fff58030000 - 0x00007fff580bd000 	C:\Program Files\Android\Android Studio\jbr\bin\msvcp140.dll
0x00007fff0eb70000 - 0x00007fff0f7f0000 	C:\Program Files\Android\Android Studio\jbr\bin\server\jvm.dll
0x00007fff6db20000 - 0x00007fff6dbd3000 	C:\WINDOWS\System32\ADVAPI32.dll
0x00007fff6dc70000 - 0x00007fff6dd18000 	C:\WINDOWS\System32\sechost.dll
0x00007fff6d370000 - 0x00007fff6d398000 	C:\WINDOWS\System32\bcrypt.dll
0x00007fff6f750000 - 0x00007fff6f867000 	C:\WINDOWS\System32\RPCRT4.dll
0x00007fff63e80000 - 0x00007fff63e8a000 	C:\WINDOWS\SYSTEM32\VERSION.dll
0x00007fff62b30000 - 0x00007fff62b39000 	C:\WINDOWS\SYSTEM32\WSOCK32.dll
0x00007fff63e40000 - 0x00007fff63e74000 	C:\WINDOWS\SYSTEM32\WINMM.dll
0x00007fff6dbe0000 - 0x00007fff6dc51000 	C:\WINDOWS\System32\WS2_32.dll
0x00007fff6bc30000 - 0x00007fff6bc48000 	C:\WINDOWS\SYSTEM32\kernel.appcore.dll
0x00007fff61900000 - 0x00007fff6190a000 	C:\Program Files\Android\Android Studio\jbr\bin\jimage.dll
0x00007fff62020000 - 0x00007fff62253000 	C:\WINDOWS\SYSTEM32\DBGHELP.DLL
0x00007fff6f1c0000 - 0x00007fff6f549000 	C:\WINDOWS\System32\combase.dll
0x00007fff6d700000 - 0x00007fff6d7d7000 	C:\WINDOWS\System32\OLEAUT32.dll
0x00007fff49680000 - 0x00007fff496b2000 	C:\WINDOWS\SYSTEM32\dbgcore.DLL
0x00007fff6cdb0000 - 0x00007fff6ce2a000 	C:\WINDOWS\System32\bcryptPrimitives.dll
0x00007fff5acb0000 - 0x00007fff5acd5000 	C:\Program Files\Android\Android Studio\jbr\bin\java.dll
0x00007fff57ff0000 - 0x00007fff58008000 	C:\Program Files\Android\Android Studio\jbr\bin\zip.dll
0x00007fff6e660000 - 0x00007fff6eebb000 	C:\WINDOWS\System32\SHELL32.dll
0x00007fff6ab50000 - 0x00007fff6b446000 	C:\WINDOWS\SYSTEM32\windows.storage.dll
0x00007fff6aa10000 - 0x00007fff6ab4e000 	C:\WINDOWS\SYSTEM32\wintypes.dll
0x00007fff6eec0000 - 0x00007fff6efb3000 	C:\WINDOWS\System32\SHCORE.dll
0x00007fff6d690000 - 0x00007fff6d6ee000 	C:\WINDOWS\System32\shlwapi.dll
0x00007fff6cb20000 - 0x00007fff6cb46000 	C:\WINDOWS\SYSTEM32\profapi.dll
0x00007fff57fd0000 - 0x00007fff57fe9000 	C:\Program Files\Android\Android Studio\jbr\bin\net.dll
0x00007fff63380000 - 0x00007fff634b7000 	C:\WINDOWS\SYSTEM32\WINHTTP.dll
0x00007fff6c0b0000 - 0x00007fff6c119000 	C:\WINDOWS\system32\mswsock.dll
0x00007fff57eb0000 - 0x00007fff57ec6000 	C:\Program Files\Android\Android Studio\jbr\bin\nio.dll
0x00007fff5b4f0000 - 0x00007fff5b500000 	C:\Program Files\Android\Android Studio\jbr\bin\verify.dll

dbghelp: loaded successfully - version: 4.0.5 - missing functions: none
symbol engine: initialized successfully - sym options: 0x614 - pdb path: .;C:\Program Files\Android\Android Studio\jbr\bin;C:\WINDOWS\SYSTEM32;C:\WINDOWS\WinSxS\amd64_microsoft.windows.common-controls_6595b64144ccf1df_6.0.22621.2506_none_270c5ae97388e100;C:\Program Files\Android\Android Studio\jbr\bin\server

VM Arguments:
java_command: org.jetbrains.kotlin.cli.jvm.K2JVMCompiler @C:\Users\Lau\AndroidStudioProjects\development\app\build\20240519_2283931684535474967.compiler.options
java_class_path (initial): C:\Users\Lau\.gradle\caches\modules-2\files-2.1\org.jetbrains.kotlin\kotlin-compiler-embeddable\1.9.10\57ca1b0823ae3ecb451a97e1f8e6de0b19ea5294\kotlin-compiler-embeddable-1.9.10.jar;C:\Users\Lau\.gradle\caches\modules-2\files-2.1\org.jetbrains.kotlin\kotlin-stdlib\1.9.10\72812e8a368917ab5c0a5081b56915ffdfec93b7\kotlin-stdlib-1.9.10.jar;C:\Users\Lau\.gradle\caches\modules-2\files-2.1\org.jetbrains.kotlin\kotlin-script-runtime\1.9.10\398513a8534701579cccaf5953ea914416b4696c\kotlin-script-runtime-1.9.10.jar;C:\Users\Lau\.gradle\caches\modules-2\files-2.1\org.jetbrains.kotlin\kotlin-reflect\1.6.10\1cbe9c92c12a94eea200d23c2bbaedaf3daf5132\kotlin-reflect-1.6.10.jar;C:\Users\Lau\.gradle\caches\modules-2\files-2.1\org.jetbrains.kotlin\kotlin-daemon-embeddable\1.9.10\bda2f7daa6b89d2ded2d9e1e0b0cadaf9446ade1\kotlin-daemon-embeddable-1.9.10.jar;C:\Users\Lau\.gradle\caches\modules-2\files-2.1\org.jetbrains.intellij.deps\trove4j\1.0.20200330\3afb14d5f9ceb459d724e907a21145e8ff394f02\trove4j-1.0.20200330.jar;C:\Users\Lau\.gradle\caches\modules-2\files-2.1\org.jetbrains.kotlin\kotlin-stdlib-common\1.9.10\dafaf2c27f27c09220cee312df10917d9a5d97ce\kotlin-stdlib-common-1.9.10.jar;C:\Users\Lau\.gradle\caches\modules-2\files-2.1\org.jetbrains\annotations\13.0\919f0dfe192fb4e063e7dacadee7f8bb9a2672a9\annotations-13.0.jar
Launcher Type: SUN_STANDARD

[Global flags]
     intx CICompilerCount                          = 2                                         {product} {ergonomic}
     uint ConcGCThreads                            = 1                                         {product} {ergonomic}
     uint G1ConcRefinementThreads                  = 2                                         {product} {ergonomic}
   size_t G1HeapRegionSize                         = 1048576                                   {product} {ergonomic}
    uintx GCDrainStackTargetSize                   = 64                                        {product} {ergonomic}
   size_t InitialHeapSize                          = 58720256                                  {product} {ergonomic}
   size_t MarkStackSize                            = 4194304                                   {product} {ergonomic}
   size_t MaxHeapSize                              = 910163968                                 {product} {ergonomic}
   size_t MaxNewSize                               = 545259520                                 {product} {ergonomic}
   size_t MinHeapDeltaBytes                        = 1048576                                   {product} {ergonomic}
   size_t MinHeapSize                              = 8388608                                   {product} {ergonomic}
    uintx NonNMethodCodeHeapSize                   = 5826188                                {pd product} {ergonomic}
    uintx NonProfiledCodeHeapSize                  = 122916026                              {pd product} {ergonomic}
    uintx ProfiledCodeHeapSize                     = 122916026                              {pd product} {ergonomic}
    uintx ReservedCodeCacheSize                    = 251658240                              {pd product} {ergonomic}
     bool SegmentedCodeCache                       = true                                      {product} {ergonomic}
   size_t SoftMaxHeapSize                          = 910163968                              {manageable} {ergonomic}
     bool UseCompressedClassPointers               = true                           {product lp64_product} {ergonomic}
     bool UseCompressedOops                        = true                           {product lp64_product} {ergonomic}
     bool UseG1GC                                  = true                                      {product} {ergonomic}
     bool UseLargePagesIndividualAllocation        = false                                  {pd product} {ergonomic}

Logging:
Log output configuration:
 #0: stdout all=warning uptime,level,tags
 #1: stderr all=off uptime,level,tags

Environment Variables:
PATH=C:\oraclexe\app\oracle\product\11.2.0\server\bin;C:\WINDOWS\system32;C:\WINDOWS;C:\WINDOWS\System32\Wbem;C:\WINDOWS\System32\WindowsPowerShell\v1.0\;C:\WINDOWS\System32\OpenSSH\;C:\Program Files\dotnet\;C:\Program Files\Electoral Redistricting App\bin\bin;C:\MinGW\bin;C:\Program Files\Git\cmd;C:\Users\Lau\AppData\Local\Microsoft\WindowsApps;;C:\Users\Lau\AppData\Local\Programs\Microsoft VS Code\bin;C:\Users\Lau\.dotnet\tools
USERNAME=Lau
OS=Windows_NT
PROCESSOR_IDENTIFIER=AMD64 Family 23 Model 24 Stepping 1, AuthenticAMD
TMP=C:\Users\Lau\AppData\Local\Temp
TEMP=C:\Users\Lau\AppData\Local\Temp


JNI global refs:
JNI global refs: 7, weak refs: 3

JNI global refs memory usage: 843, weak refs: 841

OOME stack traces (most recent first):
Classloader memory used:
Loader jdk.internal.loader.ClassLoaders$AppClassLoader                                 : 4975K
Loader bootstrap                                                                       : 1339K
Loader java.net.URLClassLoader                                                         : 22494B
Loader jdk.internal.reflect.DelegatingClassLoader                                      : 9084B
Loader jdk.internal.loader.ClassLoaders$PlatformClassLoader                            : 2276B


---------------  S Y S T E M  ---------------

OS:
 Windows 11 , 64 bit Build 22621 (10.0.22621.3085)
OS uptime: 1 days 12:16 hours

CPU: total 2 (initial active 2) (2 cores per cpu, 1 threads per core) family 23 model 24 stepping 1 microcode 0x0, cx8, cmov, fxsr, mmx, 3dnowpref, sse, sse2, sse3, ssse3, sse4a, sse4.1, sse4.2, popcnt, lzcnt, tsc, tscinvbit, avx, avx2, aes, clmul, bmi1, bmi2, adx, sha, fma, vzeroupper, clflush, clflushopt

Memory: 4k page, system-wide physical 3470M (114M free)
TotalPageFile size 14222M (AvailPageFile size 7M)
current process WorkingSet (physical memory assigned to process): 173M, peak: 184M
current process commit charge ("private bytes"): 235M, peak: 238M

vm_info: OpenJDK 64-Bit Server VM (17.0.7+0-b2043.56-10550314) for windows-amd64 JRE (17.0.7+0-b2043.56-10550314), built on Jul 24 2023 18:27:45 by "androidbuild" with MS VC++ 16.10 / 16.11 (VS2019)

END.
