#
# There is insufficient memory for the Java Runtime Environment to continue.
# Native memory allocation (mmap) failed to map 65536 bytes for Failed to commit metaspace.
# Possible reasons:
#   The system is out of physical RAM or swap space
#   The process is running with CompressedOops enabled, and the Java Heap may be blocking the growth of the native heap
# Possible solutions:
#   Reduce memory load on the system
#   Increase physical memory or swap space
#   Check if swap backing store is full
#   Decrease Java heap size (-Xmx/-Xms)
#   Decrease number of Java threads
#   Decrease Java thread stack sizes (-Xss)
#   Set larger code cache with -XX:ReservedCodeCacheSize=
#   JVM is running with Unscaled Compressed Oops mode in which the Java heap is
#     placed in the first 4GB address space. The Java Heap base address is the
#     maximum limit for the native heap growth. Please use -XX:HeapBaseMinAddress
#     to set the Java Heap base and to place the Java Heap above 4GB virtual address.
# This output file may be truncated or incomplete.
#
#  Out of Memory Error (virtualSpaceNode.cpp:110), pid=18384, tid=13512
#
# JRE version: OpenJDK Runtime Environment (17.0.7) (build 17.0.7+0-b2043.56-10550314)
# Java VM: OpenJDK 64-Bit Server VM (17.0.7+0-b2043.56-10550314, mixed mode, tiered, compressed oops, compressed class ptrs, g1 gc, windows-amd64)
# No core dump will be written. Minidumps are not enabled by default on client versions of Windows
#

---------------  S U M M A R Y ------------

Command Line: org.jetbrains.kotlin.cli.jvm.K2JVMCompiler @C:\Users\Lau\AndroidStudioProjects\development\app\build\20240508_12055333162281885251.compiler.options

Host: AMD Athlon Silver 3050U with Radeon Graphics   , 2 cores, 3G,  Windows 11 , 64 bit Build 22621 (10.0.22621.3085)
Time: Wed May  8 21:40:14 2024 Malay Peninsula Standard Time elapsed time: 17.445730 seconds (0d 0h 0m 17s)

---------------  T H R E A D  ---------------

Current thread (0x0000022339b4bd50):  JavaThread "main" [_thread_in_vm, id=13512, stack(0x000000d832900000,0x000000d832a00000)]

Stack: [0x000000d832900000,0x000000d832a00000]
Native frames: (J=compiled Java code, j=interpreted, Vv=VM code, C=native code)
V  [jvm.dll+0x683bfa]
V  [jvm.dll+0x8430a4]
V  [jvm.dll+0x8449be]
V  [jvm.dll+0x845023]
V  [jvm.dll+0x24ad2f]
V  [jvm.dll+0x83e45b]
V  [jvm.dll+0x6281e6]
V  [jvm.dll+0x1c29ee]
V  [jvm.dll+0x62ab31]
V  [jvm.dll+0x628b86]
V  [jvm.dll+0x23ec1f]
V  [jvm.dll+0x632a15]
V  [jvm.dll+0x1eea7b]
V  [jvm.dll+0x1eefb5]
V  [jvm.dll+0x1ef8d4]
V  [jvm.dll+0x1e4e1c]
V  [jvm.dll+0x54a1dd]
V  [jvm.dll+0x7bd775]
V  [jvm.dll+0x7bd88e]
V  [jvm.dll+0x413a8a]
V  [jvm.dll+0x419c09]
C  [java.dll+0x17ec]

Java frames: (J=compiled Java code, j=interpreted, Vv=VM code)
J 493  java.lang.ClassLoader.defineClass1(Ljava/lang/ClassLoader;Ljava/lang/String;[BIILjava/security/ProtectionDomain;Ljava/lang/String;)Ljava/lang/Class; java.base@17.0.7 (0 bytes) @ 0x00000223462ddd5b [0x00000223462ddca0+0x00000000000000bb]
J 443 c1 java.lang.ClassLoader.defineClass(Ljava/lang/String;[BIILjava/security/ProtectionDomain;)Ljava/lang/Class; java.base@17.0.7 (43 bytes) @ 0x000002233e8ca7c4 [0x000002233e8ca480+0x0000000000000344]
J 471 c1 java.security.SecureClassLoader.defineClass(Ljava/lang/String;[BIILjava/security/CodeSource;)Ljava/lang/Class; java.base@17.0.7 (16 bytes) @ 0x000002233e8d650c [0x000002233e8d6440+0x00000000000000cc]
J 472 c1 jdk.internal.loader.BuiltinClassLoader.defineClass(Ljava/lang/String;Ljdk/internal/loader/Resource;)Ljava/lang/Class; java.base@17.0.7 (121 bytes) @ 0x000002233e8d7cac [0x000002233e8d6a20+0x000000000000128c]
J 341 c1 jdk.internal.loader.BuiltinClassLoader.findClassOnClassPathOrNull(Ljava/lang/String;)Ljava/lang/Class; java.base@17.0.7 (64 bytes) @ 0x000002233e88497c [0x000002233e883900+0x000000000000107c]
J 2915 c1 jdk.internal.loader.BuiltinClassLoader.loadClassOrNull(Ljava/lang/String;Z)Ljava/lang/Class; java.base@17.0.7 (143 bytes) @ 0x000002233edf01f4 [0x000002233edef340+0x0000000000000eb4]
J 2901 c2 java.lang.ClassLoader.loadClass(Ljava/lang/String;)Ljava/lang/Class; java.base@17.0.7 (7 bytes) @ 0x00000223463f249c [0x00000223463f2440+0x000000000000005c]
v  ~StubRoutines::call_stub
j  org.jetbrains.kotlin.parsing.KotlinParser.parse(Lorg/jetbrains/kotlin/com/intellij/lang/PsiBuilder;Lorg/jetbrains/kotlin/com/intellij/psi/PsiFile;)Lorg/jetbrains/kotlin/com/intellij/lang/ASTNode;+8
j  org.jetbrains.kotlin.psi.stubs.elements.KtFileElementType.doParseContents(Lorg/jetbrains/kotlin/com/intellij/lang/ASTNode;Lorg/jetbrains/kotlin/com/intellij/psi/PsiElement;)Lorg/jetbrains/kotlin/com/intellij/lang/ASTNode;+57
j  org.jetbrains.kotlin.com.intellij.psi.tree.IFileElementType.parseContents(Lorg/jetbrains/kotlin/com/intellij/lang/ASTNode;)Lorg/jetbrains/kotlin/com/intellij/lang/ASTNode;+80
j  org.jetbrains.kotlin.com.intellij.psi.impl.source.tree.LazyParseableElement.lambda$ensureParsed$2(Ljava/lang/CharSequence;)V+8
j  org.jetbrains.kotlin.com.intellij.psi.impl.source.tree.LazyParseableElement$$Lambda$145+0x00000001005269f0.run()V+8
j  org.jetbrains.kotlin.com.intellij.psi.impl.DebugUtil.performPsiModification(Ljava/lang/String;Lorg/jetbrains/kotlin/com/intellij/util/ThrowableRunnable;)V+14
j  org.jetbrains.kotlin.com.intellij.psi.impl.source.tree.LazyParseableElement.ensureParsed()V+140
j  org.jetbrains.kotlin.com.intellij.psi.impl.source.tree.LazyParseableElement.getFirstChildNode()Lorg/jetbrains/kotlin/com/intellij/psi/impl/source/tree/TreeElement;+1
j  org.jetbrains.kotlin.com.intellij.psi.impl.source.tree.CompositeElement.findChildByType(Lorg/jetbrains/kotlin/com/intellij/psi/tree/IElementType;)Lorg/jetbrains/kotlin/com/intellij/lang/ASTNode;+20
j  org.jetbrains.kotlin.psi.KtFile.getPackageDirectiveByTree()Lorg/jetbrains/kotlin/psi/KtPackageDirective;+7
j  org.jetbrains.kotlin.psi.KtFile.getPackageFqNameByTree()Lorg/jetbrains/kotlin/name/FqName;+1
j  org.jetbrains.kotlin.psi.KtFile.getPackageFqName()Lorg/jetbrains/kotlin/name/FqName;+19
j  org.jetbrains.kotlin.resolve.FilePreprocessor.registerFileByPackage(Lorg/jetbrains/kotlin/psi/KtFile;)V+14
j  org.jetbrains.kotlin.resolve.FilePreprocessor.preprocessFile(Lorg/jetbrains/kotlin/psi/KtFile;)V+8
j  org.jetbrains.kotlin.resolve.LazyTopDownAnalyzer$analyzeDeclarations$1.visitKtFile(Lorg/jetbrains/kotlin/psi/KtFile;)V+14
j  org.jetbrains.kotlin.psi.KtVisitorVoid.visitKtFile(Lorg/jetbrains/kotlin/psi/KtFile;Ljava/lang/Void;)Ljava/lang/Void;+11
j  org.jetbrains.kotlin.psi.KtVisitorVoid.visitKtFile(Lorg/jetbrains/kotlin/psi/KtFile;Ljava/lang/Object;)Ljava/lang/Object;+6
j  org.jetbrains.kotlin.psi.KtFile.accept(Lorg/jetbrains/kotlin/psi/KtVisitor;Ljava/lang/Object;)Ljava/lang/Object;+10
j  org.jetbrains.kotlin.psi.KtFile.accept(Lorg/jetbrains/kotlin/com/intellij/psi/PsiElementVisitor;)V+20
j  org.jetbrains.kotlin.resolve.ExceptionWrappingKtVisitorVoid.visitElement(Lorg/jetbrains/kotlin/com/intellij/psi/PsiElement;)V+14
j  org.jetbrains.kotlin.com.intellij.psi.PsiElementVisitor.visitFile(Lorg/jetbrains/kotlin/com/intellij/psi/PsiFile;)V+10
j  org.jetbrains.kotlin.psi.KtVisitor.visitKtFile(Lorg/jetbrains/kotlin/psi/KtFile;Ljava/lang/Object;)Ljava/lang/Object;+11
j  org.jetbrains.kotlin.psi.KtVisitorVoid.visitKtFile(Lorg/jetbrains/kotlin/psi/KtFile;)V+12
j  org.jetbrains.kotlin.psi.KtVisitorVoid.visitKtFile(Lorg/jetbrains/kotlin/psi/KtFile;Ljava/lang/Void;)Ljava/lang/Void;+11
j  org.jetbrains.kotlin.psi.KtVisitorVoid.visitKtFile(Lorg/jetbrains/kotlin/psi/KtFile;Ljava/lang/Object;)Ljava/lang/Object;+6
j  org.jetbrains.kotlin.psi.KtFile.accept(Lorg/jetbrains/kotlin/psi/KtVisitor;Ljava/lang/Object;)Ljava/lang/Object;+10
j  org.jetbrains.kotlin.psi.KtFile.accept(Lorg/jetbrains/kotlin/com/intellij/psi/PsiElementVisitor;)V+20
j  org.jetbrains.kotlin.resolve.LazyTopDownAnalyzer.analyzeDeclarations(Lorg/jetbrains/kotlin/resolve/TopDownAnalysisMode;Ljava/util/Collection;Lorg/jetbrains/kotlin/resolve/calls/smartcasts/DataFlowInfo;Lorg/jetbrains/kotlin/types/expressions/ExpressionTypingContext;)Lorg/jetbrains/kotlin/resolve/TopDownAnalysisContext;+162
j  org.jetbrains.kotlin.resolve.LazyTopDownAnalyzer.analyzeDeclarations$default(Lorg/jetbrains/kotlin/resolve/LazyTopDownAnalyzer;Lorg/jetbrains/kotlin/resolve/TopDownAnalysisMode;Ljava/util/Collection;Lorg/jetbrains/kotlin/resolve/calls/smartcasts/DataFlowInfo;Lorg/jetbrains/kotlin/types/expressions/ExpressionTypingContext;ILjava/lang/Object;)Lorg/jetbrains/kotlin/resolve/TopDownAnalysisContext;+31
j  org.jetbrains.kotlin.cli.jvm.compiler.TopDownAnalyzerFacadeForJVM.analyzeFilesWithJavaIntegration(Lorg/jetbrains/kotlin/com/intellij/openapi/project/Project;Ljava/util/Collection;Lorg/jetbrains/kotlin/resolve/BindingTrace;Lorg/jetbrains/kotlin/config/CompilerConfiguration;Lkotlin/jvm/functions/Function1;Lkotlin/jvm/functions/Function2;Lorg/jetbrains/kotlin/com/intellij/psi/search/GlobalSearchScope;Ljava/util/List;Ljava/util/List;Ljava/util/List;Lorg/jetbrains/kotlin/resolve/TargetEnvironment;)Lorg/jetbrains/kotlin/analyzer/AnalysisResult;+281
j  org.jetbrains.kotlin.cli.jvm.compiler.TopDownAnalyzerFacadeForJVM.analyzeFilesWithJavaIntegration$default(Lorg/jetbrains/kotlin/com/intellij/openapi/project/Project;Ljava/util/Collection;Lorg/jetbrains/kotlin/resolve/BindingTrace;Lorg/jetbrains/kotlin/config/CompilerConfiguration;Lkotlin/jvm/functions/Function1;Lkotlin/jvm/functions/Function2;Lorg/jetbrains/kotlin/com/intellij/psi/search/GlobalSearchScope;Ljava/util/List;Ljava/util/List;Ljava/util/List;Lorg/jetbrains/kotlin/resolve/TargetEnvironment;ILjava/lang/Object;)Lorg/jetbrains/kotlin/analyzer/AnalysisResult;+111
j  org.jetbrains.kotlin.cli.jvm.compiler.KotlinToJVMBytecodeCompiler$analyze$1.invoke()Lorg/jetbrains/kotlin/analyzer/AnalysisResult;+274
j  org.jetbrains.kotlin.cli.jvm.compiler.KotlinToJVMBytecodeCompiler$analyze$1.invoke()Ljava/lang/Object;+1
j  org.jetbrains.kotlin.cli.common.messages.AnalyzerWithCompilerReport.analyzeAndReport(Ljava/util/Collection;Lkotlin/jvm/functions/Function0;)V+16
j  org.jetbrains.kotlin.cli.jvm.compiler.KotlinToJVMBytecodeCompiler.analyze(Lorg/jetbrains/kotlin/cli/jvm/compiler/KotlinCoreEnvironment;)Lorg/jetbrains/kotlin/analyzer/AnalysisResult;+153
j  org.jetbrains.kotlin.cli.jvm.compiler.KotlinToJVMBytecodeCompiler.compileModules$cli(Lorg/jetbrains/kotlin/cli/jvm/compiler/KotlinCoreEnvironment;Ljava/io/File;Ljava/util/List;Z)Z+408
j  org.jetbrains.kotlin.cli.jvm.compiler.KotlinToJVMBytecodeCompiler.compileModules$cli$default(Lorg/jetbrains/kotlin/cli/jvm/compiler/KotlinToJVMBytecodeCompiler;Lorg/jetbrains/kotlin/cli/jvm/compiler/KotlinCoreEnvironment;Ljava/io/File;Ljava/util/List;ZILjava/lang/Object;)Z+17
j  org.jetbrains.kotlin.cli.jvm.K2JVMCompiler.doExecute(Lorg/jetbrains/kotlin/cli/common/arguments/K2JVMCompilerArguments;Lorg/jetbrains/kotlin/config/CompilerConfiguration;Lorg/jetbrains/kotlin/com/intellij/openapi/Disposable;Lorg/jetbrains/kotlin/utils/KotlinPaths;)Lorg/jetbrains/kotlin/cli/common/ExitCode;+1069
j  org.jetbrains.kotlin.cli.jvm.K2JVMCompiler.doExecute(Lorg/jetbrains/kotlin/cli/common/arguments/CommonCompilerArguments;Lorg/jetbrains/kotlin/config/CompilerConfiguration;Lorg/jetbrains/kotlin/com/intellij/openapi/Disposable;Lorg/jetbrains/kotlin/utils/KotlinPaths;)Lorg/jetbrains/kotlin/cli/common/ExitCode;+9
j  org.jetbrains.kotlin.cli.common.CLICompiler.execImpl(Lorg/jetbrains/kotlin/cli/common/messages/MessageCollector;Lorg/jetbrains/kotlin/config/Services;Lorg/jetbrains/kotlin/cli/common/arguments/CommonCompilerArguments;)Lorg/jetbrains/kotlin/cli/common/ExitCode;+219
j  org.jetbrains.kotlin.cli.common.CLICompiler.execImpl(Lorg/jetbrains/kotlin/cli/common/messages/MessageCollector;Lorg/jetbrains/kotlin/config/Services;Lorg/jetbrains/kotlin/cli/common/arguments/CommonToolArguments;)Lorg/jetbrains/kotlin/cli/common/ExitCode;+7
j  org.jetbrains.kotlin.cli.common.CLITool.exec(Lorg/jetbrains/kotlin/cli/common/messages/MessageCollector;Lorg/jetbrains/kotlin/config/Services;Lorg/jetbrains/kotlin/cli/common/arguments/CommonToolArguments;)Lorg/jetbrains/kotlin/cli/common/ExitCode;+76
j  org.jetbrains.kotlin.cli.common.CLITool.exec(Ljava/io/PrintStream;Lorg/jetbrains/kotlin/config/Services;Lorg/jetbrains/kotlin/cli/common/messages/MessageRenderer;[Ljava/lang/String;)Lorg/jetbrains/kotlin/cli/common/ExitCode;+239
j  org.jetbrains.kotlin.cli.common.CLITool.exec(Ljava/io/PrintStream;Lorg/jetbrains/kotlin/cli/common/messages/MessageRenderer;[Ljava/lang/String;)Lorg/jetbrains/kotlin/cli/common/ExitCode;+25
j  org.jetbrains.kotlin.cli.common.CLITool$Companion.doMainNoExit(Lorg/jetbrains/kotlin/cli/common/CLITool;[Ljava/lang/String;Lorg/jetbrains/kotlin/cli/common/messages/MessageRenderer;)Lorg/jetbrains/kotlin/cli/common/ExitCode;+39
j  org.jetbrains.kotlin.cli.common.CLITool$Companion.doMainNoExit$default(Lorg/jetbrains/kotlin/cli/common/CLITool$Companion;Lorg/jetbrains/kotlin/cli/common/CLITool;[Ljava/lang/String;Lorg/jetbrains/kotlin/cli/common/messages/MessageRenderer;ILjava/lang/Object;)Lorg/jetbrains/kotlin/cli/common/ExitCode;+16
j  org.jetbrains.kotlin.cli.common.CLITool$Companion.doMain(Lorg/jetbrains/kotlin/cli/common/CLITool;[Ljava/lang/String;)V+57
j  org.jetbrains.kotlin.cli.jvm.K2JVMCompiler$Companion.main([Ljava/lang/String;)V+20
j  org.jetbrains.kotlin.cli.jvm.K2JVMCompiler.main([Ljava/lang/String;)V+4
v  ~StubRoutines::call_stub

---------------  P R O C E S S  ---------------

Threads class SMR info:
_java_thread_list=0x00000223523fe440, length=12, elements={
0x0000022339b4bd50, 0x0000022352008270, 0x0000022352009b00, 0x0000022352067550,
0x00000223520702f0, 0x0000022352071cb0, 0x0000022352072660, 0x0000022352073b90,
0x000002235209c160, 0x00000223523487b0, 0x0000022352420f90, 0x0000022352439010
}

Java Threads: ( => current thread )
=>0x0000022339b4bd50 JavaThread "main" [_thread_in_vm, id=13512, stack(0x000000d832900000,0x000000d832a00000)]
  0x0000022352008270 JavaThread "Reference Handler" daemon [_thread_blocked, id=8256, stack(0x000000d833000000,0x000000d833100000)]
  0x0000022352009b00 JavaThread "Finalizer" daemon [_thread_blocked, id=14340, stack(0x000000d833100000,0x000000d833200000)]
  0x0000022352067550 JavaThread "Signal Dispatcher" daemon [_thread_blocked, id=4984, stack(0x000000d833200000,0x000000d833300000)]
  0x00000223520702f0 JavaThread "Attach Listener" daemon [_thread_blocked, id=14224, stack(0x000000d833300000,0x000000d833400000)]
  0x0000022352071cb0 JavaThread "Service Thread" daemon [_thread_blocked, id=6180, stack(0x000000d833400000,0x000000d833500000)]
  0x0000022352072660 JavaThread "Monitor Deflation Thread" daemon [_thread_blocked, id=9468, stack(0x000000d833500000,0x000000d833600000)]
  0x0000022352073b90 JavaThread "C2 CompilerThread0" daemon [_thread_blocked, id=17912, stack(0x000000d833600000,0x000000d833700000)]
  0x000002235209c160 JavaThread "C1 CompilerThread0" daemon [_thread_blocked, id=6864, stack(0x000000d833700000,0x000000d833800000)]
  0x00000223523487b0 JavaThread "Sweeper thread" daemon [_thread_blocked, id=3444, stack(0x000000d833800000,0x000000d833900000)]
  0x0000022352420f90 JavaThread "Notification Thread" daemon [_thread_blocked, id=16564, stack(0x000000d833900000,0x000000d833a00000)]
  0x0000022352439010 JavaThread "Common-Cleaner" daemon [_thread_blocked, id=5728, stack(0x000000d833b00000,0x000000d833c00000)]

Other Threads:
  0x0000022352004dc0 VMThread "VM Thread" [stack: 0x000000d832f00000,0x000000d833000000] [id=9564]
  0x0000022352427480 WatcherThread [stack: 0x000000d833a00000,0x000000d833b00000] [id=16800]
  0x0000022339b84ef0 GCTaskThread "GC Thread#0" [stack: 0x000000d832a00000,0x000000d832b00000] [id=11096]
  0x000002235260ab70 GCTaskThread "GC Thread#1" [stack: 0x000000d833c00000,0x000000d833d00000] [id=13840]
  0x0000022339b8cab0 ConcurrentGCThread "G1 Main Marker" [stack: 0x000000d832b00000,0x000000d832c00000] [id=13376]
  0x0000022339b8d4c0 ConcurrentGCThread "G1 Conc#0" [stack: 0x000000d832c00000,0x000000d832d00000] [id=15716]
  0x0000022339bbff80 ConcurrentGCThread "G1 Refine#0" [stack: 0x000000d832d00000,0x000000d832e00000] [id=7080]
  0x0000022352d03110 ConcurrentGCThread "G1 Refine#1" [stack: 0x000000d833d00000,0x000000d833e00000] [id=16804]
  0x0000022339bc09a0 ConcurrentGCThread "G1 Service" [stack: 0x000000d832e00000,0x000000d832f00000] [id=2196]

Threads with active compile tasks:

VM state: not at safepoint (normal execution)

VM Mutex/Monitor currently owned by a thread:  ([mutex/lock_event])
[0x0000022339b45b00] Metaspace_lock - owner thread: 0x0000022339b4bd50

Heap address: 0x00000000c9c00000, size: 868 MB, Compressed Oops mode: 32-bit

CDS archive(s) not mapped
Compressed class space mapped at: 0x0000000100000000-0x0000000140000000, reserved size: 1073741824
Narrow klass base: 0x0000000000000000, Narrow klass shift: 3, Narrow klass range: 0x140000000

GC Precious Log:
 CPUs: 2 total, 2 available
 Memory: 3470M
 Large Page Support: Disabled
 NUMA Support: Disabled
 Compressed Oops: Enabled (32-bit)
 Heap Region Size: 1M
 Heap Min Capacity: 8M
 Heap Initial Capacity: 56M
 Heap Max Capacity: 868M
 Pre-touch: Disabled
 Parallel Workers: 2
 Concurrent Workers: 1
 Concurrent Refinement Workers: 2
 Periodic GC: Disabled

Heap:
 garbage-first heap   total 41984K, used 28755K [0x00000000c9c00000, 0x0000000100000000)
  region size 1024K, 10 young (10240K), 1 survivors (1024K)
 Metaspace       used 42782K, committed 43008K, reserved 1114112K
  class space    used 5194K, committed 5312K, reserved 1048576K

Heap Regions: E=young(eden), S=young(survivor), O=old, HS=humongous(starts), HC=humongous(continues), CS=collection set, F=free, OA=open archive, CA=closed archive, TAMS=top-at-mark-start (previous, next)
|   0|0x00000000c9c00000, 0x00000000c9d00000, 0x00000000c9d00000|100%|HS|  |TAMS 0x00000000c9d00000, 0x00000000c9c00000| Complete 
|   1|0x00000000c9d00000, 0x00000000c9e00000, 0x00000000c9e00000|100%|HC|  |TAMS 0x00000000c9e00000, 0x00000000c9d00000| Complete 
|   2|0x00000000c9e00000, 0x00000000c9f00000, 0x00000000c9f00000|100%|HC|  |TAMS 0x00000000c9f00000, 0x00000000c9e00000| Complete 
|   3|0x00000000c9f00000, 0x00000000ca000000, 0x00000000ca000000|100%|HC|  |TAMS 0x00000000ca000000, 0x00000000c9f00000| Complete 
|   4|0x00000000ca000000, 0x00000000ca100000, 0x00000000ca100000|100%| O|  |TAMS 0x00000000ca100000, 0x00000000ca000000| Untracked 
|   5|0x00000000ca100000, 0x00000000ca200000, 0x00000000ca200000|100%| O|  |TAMS 0x00000000ca200000, 0x00000000ca100000| Untracked 
|   6|0x00000000ca200000, 0x00000000ca300000, 0x00000000ca300000|100%| O|  |TAMS 0x00000000ca300000, 0x00000000ca200000| Untracked 
|   7|0x00000000ca300000, 0x00000000ca400000, 0x00000000ca400000|100%| O|  |TAMS 0x00000000ca400000, 0x00000000ca300000| Untracked 
|   8|0x00000000ca400000, 0x00000000ca500000, 0x00000000ca500000|100%| O|  |TAMS 0x00000000ca500000, 0x00000000ca400000| Untracked 
|   9|0x00000000ca500000, 0x00000000ca600000, 0x00000000ca600000|100%| O|  |TAMS 0x00000000ca600000, 0x00000000ca500000| Untracked 
|  10|0x00000000ca600000, 0x00000000ca700000, 0x00000000ca700000|100%| O|  |TAMS 0x00000000ca700000, 0x00000000ca600000| Untracked 
|  11|0x00000000ca700000, 0x00000000ca800000, 0x00000000ca800000|100%| O|  |TAMS 0x00000000ca800000, 0x00000000ca700000| Untracked 
|  12|0x00000000ca800000, 0x00000000ca900000, 0x00000000ca900000|100%| O|  |TAMS 0x00000000ca900000, 0x00000000ca800000| Untracked 
|  13|0x00000000ca900000, 0x00000000caa00000, 0x00000000caa00000|100%| O|  |TAMS 0x00000000caa00000, 0x00000000ca900000| Untracked 
|  14|0x00000000caa00000, 0x00000000cab00000, 0x00000000cab00000|100%| O|  |TAMS 0x00000000cab00000, 0x00000000caa00000| Untracked 
|  15|0x00000000cab00000, 0x00000000cac00000, 0x00000000cac00000|100%| O|  |TAMS 0x00000000cac00000, 0x00000000cab00000| Untracked 
|  16|0x00000000cac00000, 0x00000000cad00000, 0x00000000cad00000|100%| O|  |TAMS 0x00000000cad00000, 0x00000000cac00000| Untracked 
|  17|0x00000000cad00000, 0x00000000cae00000, 0x00000000cae00000|100%| O|  |TAMS 0x00000000cae00000, 0x00000000cad00000| Untracked 
|  18|0x00000000cae00000, 0x00000000caf00000, 0x00000000caf00000|100%| O|  |TAMS 0x00000000cae1ae00, 0x00000000cae00000| Untracked 
|  19|0x00000000caf00000, 0x00000000caf14c00, 0x00000000cb000000|  8%| O|  |TAMS 0x00000000caf00000, 0x00000000caf00000| Untracked 
|  20|0x00000000cb000000, 0x00000000cb000000, 0x00000000cb100000|  0%| F|  |TAMS 0x00000000cb000000, 0x00000000cb000000| Untracked 
|  21|0x00000000cb100000, 0x00000000cb100000, 0x00000000cb200000|  0%| F|  |TAMS 0x00000000cb100000, 0x00000000cb100000| Untracked 
|  22|0x00000000cb200000, 0x00000000cb200000, 0x00000000cb300000|  0%| F|  |TAMS 0x00000000cb200000, 0x00000000cb200000| Untracked 
|  23|0x00000000cb300000, 0x00000000cb300000, 0x00000000cb400000|  0%| F|  |TAMS 0x00000000cb300000, 0x00000000cb300000| Untracked 
|  24|0x00000000cb400000, 0x00000000cb400000, 0x00000000cb500000|  0%| F|  |TAMS 0x00000000cb400000, 0x00000000cb400000| Untracked 
|  25|0x00000000cb500000, 0x00000000cb500000, 0x00000000cb600000|  0%| F|  |TAMS 0x00000000cb500000, 0x00000000cb500000| Untracked 
|  26|0x00000000cb600000, 0x00000000cb700000, 0x00000000cb700000|100%| S|CS|TAMS 0x00000000cb600000, 0x00000000cb600000| Complete 
|  27|0x00000000cb700000, 0x00000000cb700000, 0x00000000cb800000|  0%| F|  |TAMS 0x00000000cb700000, 0x00000000cb700000| Untracked 
|  28|0x00000000cb800000, 0x00000000cb800000, 0x00000000cb900000|  0%| F|  |TAMS 0x00000000cb800000, 0x00000000cb800000| Untracked 
|  29|0x00000000cb900000, 0x00000000cb900000, 0x00000000cba00000|  0%| F|  |TAMS 0x00000000cb900000, 0x00000000cb900000| Untracked 
|  30|0x00000000cba00000, 0x00000000cba00000, 0x00000000cbb00000|  0%| F|  |TAMS 0x00000000cba00000, 0x00000000cba00000| Untracked 
|  31|0x00000000cbb00000, 0x00000000cbb00000, 0x00000000cbc00000|  0%| F|  |TAMS 0x00000000cbb00000, 0x00000000cbb00000| Untracked 
|  32|0x00000000cbc00000, 0x00000000cbc9bd40, 0x00000000cbd00000| 60%| E|  |TAMS 0x00000000cbc00000, 0x00000000cbc00000| Complete 
|  33|0x00000000cbd00000, 0x00000000cbe00000, 0x00000000cbe00000|100%| E|CS|TAMS 0x00000000cbd00000, 0x00000000cbd00000| Complete 
|  34|0x00000000cbe00000, 0x00000000cbf00000, 0x00000000cbf00000|100%| E|CS|TAMS 0x00000000cbe00000, 0x00000000cbe00000| Complete 
|  35|0x00000000cbf00000, 0x00000000cc000000, 0x00000000cc000000|100%| E|CS|TAMS 0x00000000cbf00000, 0x00000000cbf00000| Complete 
|  36|0x00000000cc000000, 0x00000000cc100000, 0x00000000cc100000|100%| E|CS|TAMS 0x00000000cc000000, 0x00000000cc000000| Complete 
|  52|0x00000000cd000000, 0x00000000cd100000, 0x00000000cd100000|100%| E|CS|TAMS 0x00000000cd000000, 0x00000000cd000000| Complete 
|  53|0x00000000cd100000, 0x00000000cd200000, 0x00000000cd200000|100%| E|CS|TAMS 0x00000000cd100000, 0x00000000cd100000| Complete 
|  54|0x00000000cd200000, 0x00000000cd300000, 0x00000000cd300000|100%| E|CS|TAMS 0x00000000cd200000, 0x00000000cd200000| Complete 
|  55|0x00000000cd300000, 0x00000000cd400000, 0x00000000cd400000|100%| E|CS|TAMS 0x00000000cd300000, 0x00000000cd300000| Complete 

Card table byte_map: [0x000002234ddc0000,0x000002234df80000] _byte_map_base: 0x000002234d772000

Marking Bits (Prev, Next): (CMBitMap*) 0x0000022339b85500, (CMBitMap*) 0x0000022339b85540
 Prev Bits: [0x000002234e140000, 0x000002234eed0000)
 Next Bits: [0x000002234eed0000, 0x000002234fc60000)

Polling page: 0x0000022339c10000

Metaspace:

Usage:
  Non-class:     36.71 MB used.
      Class:      5.07 MB used.
       Both:     41.78 MB used.

Virtual space:
  Non-class space:       64.00 MB reserved,      36.81 MB ( 58%) committed,  1 nodes.
      Class space:        1.00 GB reserved,       5.19 MB ( <1%) committed,  1 nodes.
             Both:        1.06 GB reserved,      42.00 MB (  4%) committed. 

Chunk freelists:
   Non-Class:  11.11 MB
       Class:  10.78 MB
        Both:  21.89 MB

MaxMetaspaceSize: unlimited
CompressedClassSpaceSize: 1.00 GB
Initial GC threshold: 21.00 MB
Current GC threshold: 66.38 MB
CDS: off
MetaspaceReclaimPolicy: balanced
 - commit_granule_bytes: 65536.
 - commit_granule_words: 8192.
 - virtual_space_node_default_size: 8388608.
 - enlarge_chunks_in_place: 1.
 - new_chunks_are_fully_committed: 0.
 - uncommit_free_chunks: 1.
 - use_allocation_guard: 0.
 - handle_deallocations: 1.


Internal statistics:

num_allocs_failed_limit: 3.
num_arena_births: 148.
num_arena_deaths: 0.
num_vsnodes_births: 2.
num_vsnodes_deaths: 0.
num_space_committed: 671.
num_space_uncommitted: 0.
num_chunks_returned_to_freelist: 3.
num_chunks_taken_from_freelist: 1334.
num_chunk_merges: 0.
num_chunk_splits: 1120.
num_chunks_enlarged: 1018.
num_inconsistent_stats: 0.

CodeHeap 'non-profiled nmethods': size=120064Kb used=1233Kb max_used=1233Kb free=118830Kb
 bounds [0x00000223462c0000, 0x0000022346530000, 0x000002234d800000]
CodeHeap 'profiled nmethods': size=120000Kb used=6184Kb max_used=6184Kb free=113815Kb
 bounds [0x000002233e800000, 0x000002233ee10000, 0x0000022345d30000]
CodeHeap 'non-nmethods': size=5696Kb used=1256Kb max_used=1283Kb free=4439Kb
 bounds [0x0000022345d30000, 0x0000022345fa0000, 0x00000223462c0000]
 total_blobs=3507 nmethods=2941 adapters=478
 compilation: enabled
              stopped_count=0, restarted_count=0
 full_count=0

Compilation events (20 events):
Event: 17.428 Thread 0x000002235209c160 nmethod 2931 0x000002233edfd790 code [0x000002233edfd9c0, 0x000002233edfe088]
Event: 17.428 Thread 0x000002235209c160 2932       1       org.jetbrains.kotlin.lexer._JetLexer::yystate (5 bytes)
Event: 17.428 Thread 0x000002235209c160 nmethod 2932 0x00000223463f2c10 code [0x00000223463f2da0, 0x00000223463f2e78]
Event: 17.428 Thread 0x000002235209c160 2933       1       org.jetbrains.kotlin.lexer._JetLexer::getTokenStart (5 bytes)
Event: 17.428 Thread 0x000002235209c160 nmethod 2933 0x00000223463f2f10 code [0x00000223463f30a0, 0x00000223463f3178]
Event: 17.428 Thread 0x000002235209c160 2935       3       org.jetbrains.kotlin.lexer._JetLexer::advance (2257 bytes)
Event: 17.429 Thread 0x0000022352073b90 nmethod 2934 0x00000223463f3210 code [0x00000223463f33a0, 0x00000223463f3498]
Event: 17.430 Thread 0x0000022352073b90 2939       4       java.lang.Character::charCount (12 bytes)
Event: 17.430 Thread 0x0000022352073b90 nmethod 2939 0x00000223463f3590 code [0x00000223463f3700, 0x00000223463f3778]
Event: 17.431 Thread 0x0000022352073b90 2940       4       java.lang.Character::codePointAt (51 bytes)
Event: 17.433 Thread 0x000002235209c160 nmethod 2935 0x000002233edfe410 code [0x000002233edff100, 0x000002233ee07fa8]
Event: 17.434 Thread 0x0000022352073b90 nmethod 2940 0x00000223463f3890 code [0x00000223463f3a40, 0x00000223463f3c68]
Event: 17.434 Thread 0x000002235209c160 2936       3       org.jetbrains.kotlin.com.intellij.lexer.FlexAdapter::getTokenType (9 bytes)
Event: 17.434 Thread 0x0000022352073b90 2941       4       org.jetbrains.kotlin.com.intellij.util.text.ImmutableText::charAt (52 bytes)
Event: 17.434 Thread 0x000002235209c160 nmethod 2936 0x000002233ee09690 code [0x000002233ee09820, 0x000002233ee099e8]
Event: 17.434 Thread 0x000002235209c160 2937       3       org.jetbrains.kotlin.com.intellij.lexer.FlexAdapter::getTokenStart (9 bytes)
Event: 17.434 Thread 0x000002235209c160 nmethod 2937 0x000002233ee09a90 code [0x000002233ee09c20, 0x000002233ee09de8]
Event: 17.434 Thread 0x000002235209c160 2938       3       org.jetbrains.kotlin.com.intellij.lexer.FlexAdapter::advance (10 bytes)
Event: 17.434 Thread 0x000002235209c160 nmethod 2938 0x000002233ee09e90 code [0x000002233ee0a040, 0x000002233ee0a228]
Event: 17.435 Thread 0x0000022352073b90 nmethod 2941 0x00000223463f3f90 code [0x00000223463f4120, 0x00000223463f42c8]

GC Heap History (20 events):
Event: 10.651 GC heap before
{Heap before GC invocations=6 (full 0):
 garbage-first heap   total 34816K, used 25888K [0x00000000c9c00000, 0x0000000100000000)
  region size 1024K, 20 young (20480K), 3 survivors (3072K)
 Metaspace       used 26513K, committed 26688K, reserved 1114112K
  class space    used 2968K, committed 3072K, reserved 1048576K
}
Event: 10.677 GC heap after
{Heap after GC invocations=7 (full 0):
 garbage-first heap   total 34816K, used 9516K [0x00000000c9c00000, 0x0000000100000000)
  region size 1024K, 2 young (2048K), 2 survivors (2048K)
 Metaspace       used 26513K, committed 26688K, reserved 1114112K
  class space    used 2968K, committed 3072K, reserved 1048576K
}
Event: 10.821 GC heap before
{Heap before GC invocations=7 (full 0):
 garbage-first heap   total 34816K, used 10540K [0x00000000c9c00000, 0x0000000100000000)
  region size 1024K, 3 young (3072K), 2 survivors (2048K)
 Metaspace       used 26808K, committed 27008K, reserved 1114112K
  class space    used 3021K, committed 3136K, reserved 1048576K
}
Event: 10.827 GC heap after
{Heap after GC invocations=8 (full 0):
 garbage-first heap   total 34816K, used 9452K [0x00000000c9c00000, 0x0000000100000000)
  region size 1024K, 1 young (1024K), 1 survivors (1024K)
 Metaspace       used 26808K, committed 27008K, reserved 1114112K
  class space    used 3021K, committed 3136K, reserved 1048576K
}
Event: 13.550 GC heap before
{Heap before GC invocations=8 (full 0):
 garbage-first heap   total 34816K, used 26860K [0x00000000c9c00000, 0x0000000100000000)
  region size 1024K, 17 young (17408K), 1 survivors (1024K)
 Metaspace       used 29545K, committed 29760K, reserved 1114112K
  class space    used 3624K, committed 3712K, reserved 1048576K
}
Event: 13.570 GC heap after
{Heap after GC invocations=9 (full 0):
 garbage-first heap   total 34816K, used 14711K [0x00000000c9c00000, 0x0000000100000000)
  region size 1024K, 3 young (3072K), 3 survivors (3072K)
 Metaspace       used 29545K, committed 29760K, reserved 1114112K
  class space    used 3624K, committed 3712K, reserved 1048576K
}
Event: 15.260 GC heap before
{Heap before GC invocations=9 (full 0):
 garbage-first heap   total 34816K, used 23927K [0x00000000c9c00000, 0x0000000100000000)
  region size 1024K, 13 young (13312K), 3 survivors (3072K)
 Metaspace       used 30938K, committed 31232K, reserved 1114112K
  class space    used 3968K, committed 4096K, reserved 1048576K
}
Event: 15.290 GC heap after
{Heap after GC invocations=10 (full 0):
 garbage-first heap   total 34816K, used 17011K [0x00000000c9c00000, 0x0000000100000000)
  region size 1024K, 2 young (2048K), 2 survivors (2048K)
 Metaspace       used 30938K, committed 31232K, reserved 1114112K
  class space    used 3968K, committed 4096K, reserved 1048576K
}
Event: 15.755 GC heap before
{Heap before GC invocations=10 (full 0):
 garbage-first heap   total 34816K, used 24179K [0x00000000c9c00000, 0x0000000100000000)
  region size 1024K, 10 young (10240K), 2 survivors (2048K)
 Metaspace       used 33699K, committed 33984K, reserved 1114112K
  class space    used 4285K, committed 4416K, reserved 1048576K
}
Event: 15.760 GC heap after
{Heap after GC invocations=11 (full 0):
 garbage-first heap   total 34816K, used 17690K [0x00000000c9c00000, 0x0000000100000000)
  region size 1024K, 1 young (1024K), 1 survivors (1024K)
 Metaspace       used 33699K, committed 33984K, reserved 1114112K
  class space    used 4285K, committed 4416K, reserved 1048576K
}
Event: 16.039 GC heap before
{Heap before GC invocations=11 (full 0):
 garbage-first heap   total 34816K, used 24858K [0x00000000c9c00000, 0x0000000100000000)
  region size 1024K, 9 young (9216K), 1 survivors (1024K)
 Metaspace       used 34737K, committed 34944K, reserved 1114112K
  class space    used 4389K, committed 4480K, reserved 1048576K
}
Event: 16.042 GC heap after
{Heap after GC invocations=12 (full 0):
 garbage-first heap   total 34816K, used 16759K [0x00000000c9c00000, 0x0000000100000000)
  region size 1024K, 2 young (2048K), 2 survivors (2048K)
 Metaspace       used 34737K, committed 34944K, reserved 1114112K
  class space    used 4389K, committed 4480K, reserved 1048576K
}
Event: 16.402 GC heap before
{Heap before GC invocations=13 (full 0):
 garbage-first heap   total 34816K, used 24951K [0x00000000c9c00000, 0x0000000100000000)
  region size 1024K, 10 young (10240K), 2 survivors (2048K)
 Metaspace       used 36234K, committed 36480K, reserved 1114112K
  class space    used 4572K, committed 4672K, reserved 1048576K
}
Event: 16.406 GC heap after
{Heap after GC invocations=14 (full 0):
 garbage-first heap   total 34816K, used 17794K [0x00000000c9c00000, 0x0000000100000000)
  region size 1024K, 2 young (2048K), 2 survivors (2048K)
 Metaspace       used 36234K, committed 36480K, reserved 1114112K
  class space    used 4572K, committed 4672K, reserved 1048576K
}
Event: 16.575 GC heap before
{Heap before GC invocations=14 (full 0):
 garbage-first heap   total 34816K, used 23938K [0x00000000c9c00000, 0x0000000100000000)
  region size 1024K, 9 young (9216K), 2 survivors (2048K)
 Metaspace       used 37668K, committed 37888K, reserved 1114112K
  class space    used 4718K, committed 4800K, reserved 1048576K
}
Event: 16.579 GC heap after
{Heap after GC invocations=15 (full 0):
 garbage-first heap   total 34816K, used 18662K [0x00000000c9c00000, 0x0000000100000000)
  region size 1024K, 1 young (1024K), 1 survivors (1024K)
 Metaspace       used 37668K, committed 37888K, reserved 1114112K
  class space    used 4718K, committed 4800K, reserved 1048576K
}
Event: 16.786 GC heap before
{Heap before GC invocations=16 (full 0):
 garbage-first heap   total 34816K, used 24806K [0x00000000c9c00000, 0x0000000100000000)
  region size 1024K, 8 young (8192K), 1 survivors (1024K)
 Metaspace       used 39200K, committed 39424K, reserved 1114112K
  class space    used 4835K, committed 4928K, reserved 1048576K
}
Event: 16.791 GC heap after
{Heap after GC invocations=17 (full 0):
 garbage-first heap   total 34816K, used 19135K [0x00000000c9c00000, 0x0000000100000000)
  region size 1024K, 1 young (1024K), 1 survivors (1024K)
 Metaspace       used 39200K, committed 39424K, reserved 1114112K
  class space    used 4835K, committed 4928K, reserved 1048576K
}
Event: 17.025 GC heap before
{Heap before GC invocations=17 (full 0):
 garbage-first heap   total 34816K, used 25279K [0x00000000c9c00000, 0x0000000100000000)
  region size 1024K, 8 young (8192K), 1 survivors (1024K)
 Metaspace       used 40512K, committed 40768K, reserved 1114112K
  class space    used 4938K, committed 5056K, reserved 1048576K
}
Event: 17.030 GC heap after
{Heap after GC invocations=18 (full 0):
 garbage-first heap   total 41984K, used 20563K [0x00000000c9c00000, 0x0000000100000000)
  region size 1024K, 1 young (1024K), 1 survivors (1024K)
 Metaspace       used 40512K, committed 40768K, reserved 1114112K
  class space    used 4938K, committed 5056K, reserved 1048576K
}

Dll operation events (2 events):
Event: 0.059 Loaded shared library C:\Program Files\Android\Android Studio\jbr\bin\java.dll
Event: 10.052 Loaded shared library C:\Program Files\Android\Android Studio\jbr\bin\verify.dll

Deoptimization events (20 events):
Event: 17.361 Thread 0x0000022339b4bd50 Uncommon trap: trap_request=0xffffff45 fr.pc=0x000002234636e44c relative=0x00000000000000ac
Event: 17.361 Thread 0x0000022339b4bd50 Uncommon trap: reason=unstable_if action=reinterpret pc=0x000002234636e44c method=java.lang.StringConcatHelper.newString([BJ)Ljava/lang/String; @ 3 c2
Event: 17.361 Thread 0x0000022339b4bd50 DEOPT PACKING pc=0x000002234636e44c sp=0x000000d8329f5d50
Event: 17.361 Thread 0x0000022339b4bd50 DEOPT UNPACKING pc=0x0000022345d869a3 sp=0x000000d8329f5cd8 mode 2
Event: 17.361 Thread 0x0000022339b4bd50 Uncommon trap: trap_request=0xffffff45 fr.pc=0x000002234633bde0 relative=0x0000000000000320
Event: 17.361 Thread 0x0000022339b4bd50 Uncommon trap: reason=unstable_if action=reinterpret pc=0x000002234633bde0 method=sun.net.www.ParseUtil.firstEncodeIndex(Ljava/lang/String;)I @ 27 c2
Event: 17.361 Thread 0x0000022339b4bd50 DEOPT PACKING pc=0x000002234633bde0 sp=0x000000d8329f5c70
Event: 17.361 Thread 0x0000022339b4bd50 DEOPT UNPACKING pc=0x0000022345d869a3 sp=0x000000d8329f5ae8 mode 2
Event: 17.361 Thread 0x0000022339b4bd50 Uncommon trap: trap_request=0xffffff45 fr.pc=0x00000223462e4e54 relative=0x0000000000000154
Event: 17.361 Thread 0x0000022339b4bd50 Uncommon trap: reason=unstable_if action=reinterpret pc=0x00000223462e4e54 method=java.lang.String.indexOf(II)I @ 4 c2
Event: 17.361 Thread 0x0000022339b4bd50 DEOPT PACKING pc=0x00000223462e4e54 sp=0x000000d8329f5960
Event: 17.361 Thread 0x0000022339b4bd50 DEOPT UNPACKING pc=0x0000022345d869a3 sp=0x000000d8329f5890 mode 2
Event: 17.361 Thread 0x0000022339b4bd50 Uncommon trap: trap_request=0xffffff45 fr.pc=0x0000022346380ebc relative=0x000000000000021c
Event: 17.361 Thread 0x0000022339b4bd50 Uncommon trap: reason=unstable_if action=reinterpret pc=0x0000022346380ebc method=java.lang.String.startsWith(Ljava/lang/String;I)Z @ 50 c2
Event: 17.361 Thread 0x0000022339b4bd50 DEOPT PACKING pc=0x0000022346380ebc sp=0x000000d8329f59d0
Event: 17.361 Thread 0x0000022339b4bd50 DEOPT UNPACKING pc=0x0000022345d869a3 sp=0x000000d8329f5930 mode 2
Event: 17.361 Thread 0x0000022339b4bd50 Uncommon trap: trap_request=0xffffff45 fr.pc=0x00000223463c8bcc relative=0x000000000000068c
Event: 17.361 Thread 0x0000022339b4bd50 Uncommon trap: reason=unstable_if action=reinterpret pc=0x00000223463c8bcc method=java.lang.String.lastIndexOf(II)I @ 4 c2
Event: 17.361 Thread 0x0000022339b4bd50 DEOPT PACKING pc=0x00000223463c8bcc sp=0x000000d8329f5a10
Event: 17.361 Thread 0x0000022339b4bd50 DEOPT UNPACKING pc=0x0000022345d869a3 sp=0x000000d8329f5900 mode 2

Classes unloaded (0 events):
No events

Classes redefined (0 events):
No events

Internal exceptions (20 events):
Event: 7.615 Thread 0x0000022339b4bd50 Exception <a 'java/lang/NoSuchMethodError'{0x00000000cb763b78}: 'int java.lang.invoke.DirectMethodHandle$Holder.invokeSpecial(java.lang.Object, java.lang.Object, java.lang.Object)'> (0x00000000cb763b78) 
thrown [s\src\hotspot\share\interpreter\linkResolver.cpp, line 771]
Event: 7.616 Thread 0x0000022339b4bd50 Exception <a 'java/lang/NoSuchMethodError'{0x00000000cb767868}: 'int java.lang.invoke.DirectMethodHandle$Holder.invokeSpecial(java.lang.Object, java.lang.Object, java.lang.Object, java.lang.Object)'> (0x00000000cb767868) 
thrown [s\src\hotspot\share\interpreter\linkResolver.cpp, line 771]
Event: 7.617 Thread 0x0000022339b4bd50 Exception <a 'java/lang/NoSuchMethodError'{0x00000000cb76aed0}: 'int java.lang.invoke.Invokers$Holder.invoke_MT(java.lang.Object, java.lang.Object, java.lang.Object, java.lang.Object)'> (0x00000000cb76aed0) 
thrown [s\src\hotspot\share\interpreter\linkResolver.cpp, line 771]
Event: 7.629 Thread 0x0000022339b4bd50 Exception <a 'java/lang/NoSuchMethodError'{0x00000000cb77a458}: 'void java.lang.invoke.DelegatingMethodHandle$Holder.reinvoke_L(java.lang.Object, java.lang.Object, java.lang.Object, long, java.lang.Object)'> (0x00000000cb77a458) 
thrown [s\src\hotspot\share\interpreter\linkResolver.cpp, line 771]
Event: 7.633 Thread 0x0000022339b4bd50 Exception <a 'java/lang/NoSuchMethodError'{0x00000000cb782420}: 'java.lang.Object java.lang.invoke.DirectMethodHandle$Holder.invokeSpecial(java.lang.Object, java.lang.Object, java.lang.Object, java.lang.Object, long)'> (0x00000000cb782420) 
thrown [s\src\hotspot\share\interpreter\linkResolver.cpp, line 771]
Event: 7.637 Thread 0x0000022339b4bd50 Exception <a 'java/lang/NoSuchMethodError'{0x00000000cb791880}: 'int java.lang.invoke.DelegatingMethodHandle$Holder.reinvoke_L(java.lang.Object, java.lang.Object, java.lang.Object, long, java.lang.Object, java.lang.Object)'> (0x00000000cb791880) 
thrown [s\src\hotspot\share\interpreter\linkResolver.cpp, line 771]
Event: 7.644 Thread 0x0000022339b4bd50 Exception <a 'java/lang/NoSuchMethodError'{0x00000000cb7a0410}: 'int java.lang.invoke.DelegatingMethodHandle$Holder.reinvoke_L(java.lang.Object, java.lang.Object, java.lang.Object, long, int, int)'> (0x00000000cb7a0410) 
thrown [s\src\hotspot\share\interpreter\linkResolver.cpp, line 771]
Event: 7.700 Thread 0x0000022339b4bd50 Exception <a 'java/lang/NoSuchMethodError'{0x00000000cb7aed48}: 'int java.lang.invoke.DelegatingMethodHandle$Holder.reinvoke_L(java.lang.Object, java.lang.Object, java.lang.Object, long, long, long)'> (0x00000000cb7aed48) 
thrown [s\src\hotspot\share\interpreter\linkResolver.cpp, line 771]
Event: 7.722 Thread 0x0000022339b4bd50 Exception <a 'java/lang/NoSuchMethodError'{0x00000000cb7bd360}: 'int java.lang.invoke.DelegatingMethodHandle$Holder.reinvoke_L(java.lang.Object, java.lang.Object, java.lang.Object, long, int)'> (0x00000000cb7bd360) 
thrown [s\src\hotspot\share\interpreter\linkResolver.cpp, line 771]
Event: 7.797 Thread 0x0000022339b4bd50 Exception <a 'java/lang/NoSuchMethodError'{0x00000000cb664310}: 'int java.lang.invoke.DirectMethodHandle$Holder.invokeStaticInit(java.lang.Object, java.lang.Object, java.lang.Object)'> (0x00000000cb664310) 
thrown [s\src\hotspot\share\interpreter\linkResolver.cpp, line 771]
Event: 7.809 Thread 0x0000022339b4bd50 Exception <a 'java/lang/NoSuchMethodError'{0x00000000cb68c478}: 'int java.lang.invoke.DirectMethodHandle$Holder.invokeStaticInit(java.lang.Object, java.lang.Object)'> (0x00000000cb68c478) 
thrown [s\src\hotspot\share\interpreter\linkResolver.cpp, line 771]
Event: 7.893 Thread 0x0000022339b4bd50 Exception <a 'java/lang/NoSuchMethodError'{0x00000000cb56a858}: 'void java.lang.invoke.DirectMethodHandle$Holder.invokeSpecial(java.lang.Object, java.lang.Object, java.lang.Object)'> (0x00000000cb56a858) 
thrown [s\src\hotspot\share\interpreter\linkResolver.cpp, line 771]
Event: 8.496 Thread 0x0000022339b4bd50 Exception <a 'java/lang/NoSuchMethodError'{0x00000000cb28ebd8}: 'void java.lang.invoke.DirectMethodHandle$Holder.invokeStatic(java.lang.Object, java.lang.Object, java.lang.Object, java.lang.Object)'> (0x00000000cb28ebd8) 
thrown [s\src\hotspot\share\interpreter\linkResolver.cpp, line 771]
Event: 9.656 Thread 0x0000022339b4bd50 Exception <a 'java/lang/NoSuchMethodError'{0x00000000cae4dc08}: 'void java.lang.invoke.DirectMethodHandle$Holder.invokeStaticInit(java.lang.Object, java.lang.Object)'> (0x00000000cae4dc08) 
thrown [s\src\hotspot\share\interpreter\linkResolver.cpp, line 771]
Event: 10.800 Thread 0x0000022339b4bd50 Exception <a 'java/lang/NoSuchMethodError'{0x00000000cd3ddb60}: 'void java.lang.invoke.DirectMethodHandle$Holder.invokeVirtual(java.lang.Object, java.lang.Object)'> (0x00000000cd3ddb60) 
thrown [s\src\hotspot\share\interpreter\linkResolver.cpp, line 771]
Event: 10.855 Thread 0x0000022339b4bd50 Exception <a 'java/lang/NoSuchMethodError'{0x00000000cd32bc38}: 'int java.lang.invoke.DirectMethodHandle$Holder.invokeVirtual(java.lang.Object, java.lang.Object)'> (0x00000000cd32bc38) 
thrown [s\src\hotspot\share\interpreter\linkResolver.cpp, line 771]
Event: 10.912 Thread 0x0000022339b4bd50 Exception <a 'java/lang/NoSuchMethodError'{0x00000000cd3c4098}: 'java.lang.Object java.lang.invoke.Invokers$Holder.invokeExact_MT(java.lang.Object, java.lang.Object, java.lang.Object, java.lang.Object, java.lang.Object, java.lang.Object)'> (0x00000000cd3c4098) 
thrown [s\src\hotspot\share\interpreter\linkResolver.cpp, line 771]
Event: 15.584 Thread 0x0000022339b4bd50 Implicit null exception at 0x00000223462d93f2 to 0x00000223462d99c0
Event: 15.821 Thread 0x0000022339b4bd50 Implicit null exception at 0x00000223462da072 to 0x00000223462da650
Event: 15.894 Thread 0x0000022339b4bd50 Exception <a 'java/lang/NoSuchMethodError'{0x00000000cb95a640}: 'java.lang.Object java.lang.invoke.DirectMethodHandle$Holder.invokeVirtual(java.lang.Object, java.lang.Object, java.lang.Object)'> (0x00000000cb95a640) 
thrown [s\src\hotspot\share\interpreter\linkResolver.cpp, line 771]

VM Operations (20 events):
Event: 16.072 Executing VM operation: G1Concurrent
Event: 16.073 Executing VM operation: G1Concurrent done
Event: 16.402 Executing VM operation: G1CollectForAllocation
Event: 16.407 Executing VM operation: G1CollectForAllocation done
Event: 16.575 Executing VM operation: G1CollectForAllocation
Event: 16.597 Executing VM operation: G1CollectForAllocation done
Event: 16.598 Executing VM operation: G1Concurrent
Event: 16.601 Executing VM operation: G1Concurrent done
Event: 16.611 Executing VM operation: G1Concurrent
Event: 16.612 Executing VM operation: G1Concurrent done
Event: 16.725 Executing VM operation: HandshakeAllThreads
Event: 16.725 Executing VM operation: HandshakeAllThreads done
Event: 16.786 Executing VM operation: G1CollectForAllocation
Event: 16.791 Executing VM operation: G1CollectForAllocation done
Event: 17.024 Executing VM operation: G1CollectForAllocation
Event: 17.031 Executing VM operation: G1CollectForAllocation done
Event: 17.052 Executing VM operation: G1Concurrent
Event: 17.057 Executing VM operation: G1Concurrent done
Event: 17.067 Executing VM operation: G1Concurrent
Event: 17.068 Executing VM operation: G1Concurrent done

Events (20 events):
Event: 16.475 loading class sun/reflect/generics/tree/VoidDescriptor
Event: 16.475 loading class sun/reflect/generics/tree/VoidDescriptor done
Event: 16.475 loading class sun/reflect/generics/tree/MethodTypeSignature
Event: 16.475 loading class sun/reflect/generics/tree/MethodTypeSignature done
Event: 16.475 loading class sun/reflect/generics/reflectiveObjects/WildcardTypeImpl
Event: 16.475 loading class java/lang/reflect/WildcardType
Event: 16.475 loading class java/lang/reflect/WildcardType done
Event: 16.475 loading class sun/reflect/generics/reflectiveObjects/WildcardTypeImpl done
Event: 16.614 loading class java/lang/TypeNotPresentException
Event: 16.614 loading class java/lang/TypeNotPresentException done
Event: 16.724 loading class sun/reflect/generics/scope/MethodScope
Event: 16.725 loading class sun/reflect/generics/scope/MethodScope done
Event: 16.725 loading class sun/reflect/generics/repository/MethodRepository
Event: 16.725 loading class sun/reflect/generics/repository/MethodRepository done
Event: 17.414 loading class java/util/BitSet
Event: 17.415 loading class java/util/BitSet done
Event: 17.417 loading class java/util/PrimitiveIterator$OfInt
Event: 17.417 loading class java/util/PrimitiveIterator
Event: 17.417 loading class java/util/PrimitiveIterator done
Event: 17.417 loading class java/util/PrimitiveIterator$OfInt done


Dynamic libraries:
0x00007ff7dc4e0000 - 0x00007ff7dc4ea000 	C:\Program Files\Android\Android Studio\jbr\bin\java.exe
0x00007ff828d10000 - 0x00007ff828f27000 	C:\WINDOWS\SYSTEM32\ntdll.dll
0x00007ff8275f0000 - 0x00007ff8276b4000 	C:\WINDOWS\System32\KERNEL32.DLL
0x00007ff826510000 - 0x00007ff8268b6000 	C:\WINDOWS\System32\KERNELBASE.dll
0x00007ff8262d0000 - 0x00007ff8263e1000 	C:\WINDOWS\System32\ucrtbase.dll
0x00007ffff6b90000 - 0x00007ffff6ba7000 	C:\Program Files\Android\Android Studio\jbr\bin\jli.dll
0x00007ff81a980000 - 0x00007ff81a99b000 	C:\Program Files\Android\Android Studio\jbr\bin\VCRUNTIME140.dll
0x00007ff828180000 - 0x00007ff82832e000 	C:\WINDOWS\System32\USER32.dll
0x00007ff8261e0000 - 0x00007ff826206000 	C:\WINDOWS\System32\win32u.dll
0x00007ff827430000 - 0x00007ff827459000 	C:\WINDOWS\System32\GDI32.dll
0x00007ff8263f0000 - 0x00007ff826508000 	C:\WINDOWS\System32\gdi32full.dll
0x00007ff826140000 - 0x00007ff8261da000 	C:\WINDOWS\System32\msvcp_win.dll
0x00007ff816980000 - 0x00007ff816c13000 	C:\WINDOWS\WinSxS\amd64_microsoft.windows.common-controls_6595b64144ccf1df_6.0.22621.2506_none_270c5ae97388e100\COMCTL32.dll
0x00007ff8287c0000 - 0x00007ff828867000 	C:\WINDOWS\System32\msvcrt.dll
0x00007ff828b50000 - 0x00007ff828b81000 	C:\WINDOWS\System32\IMM32.DLL
0x00007ff821670000 - 0x00007ff82167c000 	C:\Program Files\Android\Android Studio\jbr\bin\vcruntime140_1.dll
0x00007ff81a2e0000 - 0x00007ff81a36d000 	C:\Program Files\Android\Android Studio\jbr\bin\msvcp140.dll
0x00007fffd8a20000 - 0x00007fffd96a0000 	C:\Program Files\Android\Android Studio\jbr\bin\server\jvm.dll
0x00007ff826a60000 - 0x00007ff826b13000 	C:\WINDOWS\System32\ADVAPI32.dll
0x00007ff8277f0000 - 0x00007ff827898000 	C:\WINDOWS\System32\sechost.dll
0x00007ff826a30000 - 0x00007ff826a58000 	C:\WINDOWS\System32\bcrypt.dll
0x00007ff828bb0000 - 0x00007ff828cc7000 	C:\WINDOWS\System32\RPCRT4.dll
0x00007ff821660000 - 0x00007ff821669000 	C:\WINDOWS\SYSTEM32\WSOCK32.dll
0x00007ff827570000 - 0x00007ff8275e1000 	C:\WINDOWS\System32\WS2_32.dll
0x00007ff81e590000 - 0x00007ff81e5c4000 	C:\WINDOWS\SYSTEM32\WINMM.dll
0x00007ff81e5d0000 - 0x00007ff81e5da000 	C:\WINDOWS\SYSTEM32\VERSION.dll
0x00007ff825090000 - 0x00007ff8250a8000 	C:\WINDOWS\SYSTEM32\kernel.appcore.dll
0x00007ff815160000 - 0x00007ff81516a000 	C:\Program Files\Android\Android Studio\jbr\bin\jimage.dll
0x00007ff817390000 - 0x00007ff8175c3000 	C:\WINDOWS\SYSTEM32\DBGHELP.DLL
0x00007ff828330000 - 0x00007ff8286b9000 	C:\WINDOWS\System32\combase.dll
0x00007ff8276c0000 - 0x00007ff827797000 	C:\WINDOWS\System32\OLEAUT32.dll
0x00007ff803930000 - 0x00007ff803962000 	C:\WINDOWS\SYSTEM32\dbgcore.DLL
0x00007ff8260c0000 - 0x00007ff82613a000 	C:\WINDOWS\System32\bcryptPrimitives.dll
0x00007ffffb330000 - 0x00007ffffb355000 	C:\Program Files\Android\Android Studio\jbr\bin\java.dll
0x00007ffffb310000 - 0x00007ffffb328000 	C:\Program Files\Android\Android Studio\jbr\bin\zip.dll
0x00007ff827900000 - 0x00007ff82815b000 	C:\WINDOWS\System32\SHELL32.dll
0x00007ff823fb0000 - 0x00007ff8248a6000 	C:\WINDOWS\SYSTEM32\windows.storage.dll
0x00007ff823e70000 - 0x00007ff823fae000 	C:\WINDOWS\SYSTEM32\wintypes.dll
0x00007ff827460000 - 0x00007ff827553000 	C:\WINDOWS\System32\SHCORE.dll
0x00007ff8278a0000 - 0x00007ff8278fe000 	C:\WINDOWS\System32\shlwapi.dll
0x00007ff825f80000 - 0x00007ff825fa6000 	C:\WINDOWS\SYSTEM32\profapi.dll
0x00007ffff87f0000 - 0x00007ffff8809000 	C:\Program Files\Android\Android Studio\jbr\bin\net.dll
0x00007ff81beb0000 - 0x00007ff81bfe7000 	C:\WINDOWS\SYSTEM32\WINHTTP.dll
0x00007ff825510000 - 0x00007ff825579000 	C:\WINDOWS\system32\mswsock.dll
0x00007ffff87d0000 - 0x00007ffff87e6000 	C:\Program Files\Android\Android Studio\jbr\bin\nio.dll
0x00007ff8185f0000 - 0x00007ff818600000 	C:\Program Files\Android\Android Studio\jbr\bin\verify.dll

dbghelp: loaded successfully - version: 4.0.5 - missing functions: none
symbol engine: initialized successfully - sym options: 0x614 - pdb path: .;C:\Program Files\Android\Android Studio\jbr\bin;C:\WINDOWS\SYSTEM32;C:\WINDOWS\WinSxS\amd64_microsoft.windows.common-controls_6595b64144ccf1df_6.0.22621.2506_none_270c5ae97388e100;C:\Program Files\Android\Android Studio\jbr\bin\server

VM Arguments:
java_command: org.jetbrains.kotlin.cli.jvm.K2JVMCompiler @C:\Users\Lau\AndroidStudioProjects\development\app\build\20240508_12055333162281885251.compiler.options
java_class_path (initial): C:\Users\Lau\.gradle\caches\modules-2\files-2.1\org.jetbrains.kotlin\kotlin-compiler-embeddable\1.9.10\57ca1b0823ae3ecb451a97e1f8e6de0b19ea5294\kotlin-compiler-embeddable-1.9.10.jar;C:\Users\Lau\.gradle\caches\modules-2\files-2.1\org.jetbrains.kotlin\kotlin-stdlib\1.9.10\72812e8a368917ab5c0a5081b56915ffdfec93b7\kotlin-stdlib-1.9.10.jar;C:\Users\Lau\.gradle\caches\modules-2\files-2.1\org.jetbrains.kotlin\kotlin-script-runtime\1.9.10\398513a8534701579cccaf5953ea914416b4696c\kotlin-script-runtime-1.9.10.jar;C:\Users\Lau\.gradle\caches\modules-2\files-2.1\org.jetbrains.kotlin\kotlin-reflect\1.6.10\1cbe9c92c12a94eea200d23c2bbaedaf3daf5132\kotlin-reflect-1.6.10.jar;C:\Users\Lau\.gradle\caches\modules-2\files-2.1\org.jetbrains.kotlin\kotlin-daemon-embeddable\1.9.10\bda2f7daa6b89d2ded2d9e1e0b0cadaf9446ade1\kotlin-daemon-embeddable-1.9.10.jar;C:\Users\Lau\.gradle\caches\modules-2\files-2.1\org.jetbrains.intellij.deps\trove4j\1.0.20200330\3afb14d5f9ceb459d724e907a21145e8ff394f02\trove4j-1.0.20200330.jar;C:\Users\Lau\.gradle\caches\modules-2\files-2.1\org.jetbrains.kotlin\kotlin-stdlib-common\1.9.10\dafaf2c27f27c09220cee312df10917d9a5d97ce\kotlin-stdlib-common-1.9.10.jar;C:\Users\Lau\.gradle\caches\modules-2\files-2.1\org.jetbrains\annotations\13.0\919f0dfe192fb4e063e7dacadee7f8bb9a2672a9\annotations-13.0.jar
Launcher Type: SUN_STANDARD

[Global flags]
     intx CICompilerCount                          = 2                                         {product} {ergonomic}
     uint ConcGCThreads                            = 1                                         {product} {ergonomic}
     uint G1ConcRefinementThreads                  = 2                                         {product} {ergonomic}
   size_t G1HeapRegionSize                         = 1048576                                   {product} {ergonomic}
    uintx GCDrainStackTargetSize                   = 64                                        {product} {ergonomic}
   size_t InitialHeapSize                          = 58720256                                  {product} {ergonomic}
   size_t MarkStackSize                            = 4194304                                   {product} {ergonomic}
   size_t MaxHeapSize                              = 910163968                                 {product} {ergonomic}
   size_t MaxNewSize                               = 545259520                                 {product} {ergonomic}
   size_t MinHeapDeltaBytes                        = 1048576                                   {product} {ergonomic}
   size_t MinHeapSize                              = 8388608                                   {product} {ergonomic}
    uintx NonNMethodCodeHeapSize                   = 5826188                                {pd product} {ergonomic}
    uintx NonProfiledCodeHeapSize                  = 122916026                              {pd product} {ergonomic}
    uintx ProfiledCodeHeapSize                     = 122916026                              {pd product} {ergonomic}
    uintx ReservedCodeCacheSize                    = 251658240                              {pd product} {ergonomic}
     bool SegmentedCodeCache                       = true                                      {product} {ergonomic}
   size_t SoftMaxHeapSize                          = 910163968                              {manageable} {ergonomic}
     bool UseCompressedClassPointers               = true                           {product lp64_product} {ergonomic}
     bool UseCompressedOops                        = true                           {product lp64_product} {ergonomic}
     bool UseG1GC                                  = true                                      {product} {ergonomic}
     bool UseLargePagesIndividualAllocation        = false                                  {pd product} {ergonomic}

Logging:
Log output configuration:
 #0: stdout all=warning uptime,level,tags
 #1: stderr all=off uptime,level,tags

Environment Variables:
PATH=C:\Program Files\Common Files\Oracle\Java\javapath;C:\oraclexe\app\oracle\product\11.2.0\server\bin;C:\WINDOWS\system32;C:\WINDOWS;C:\WINDOWS\System32\Wbem;C:\WINDOWS\System32\WindowsPowerShell\v1.0\;C:\WINDOWS\System32\OpenSSH\;C:\Program Files\dotnet\;C:\Program Files\Electoral Redistricting App\bin\bin;C:\MinGW\bin;C:\Program Files\Git\cmd;C:\Users\Lau\AppData\Local\Microsoft\WindowsApps;;C:\Users\Lau\AppData\Local\Programs\Microsoft VS Code\bin;C:\Users\Lau\.dotnet\tools
USERNAME=Lau
OS=Windows_NT
PROCESSOR_IDENTIFIER=AMD64 Family 23 Model 24 Stepping 1, AuthenticAMD
TMP=C:\Users\Lau\AppData\Local\Temp
TEMP=C:\Users\Lau\AppData\Local\Temp


JNI global refs:
JNI global refs: 6, weak refs: 0

JNI global refs memory usage: 843, weak refs: 841

OOME stack traces (most recent first):
Classloader memory used:
Loader jdk.internal.loader.ClassLoaders$AppClassLoader                                 : 4064K
Loader bootstrap                                                                       : 1258K
Loader java.net.URLClassLoader                                                         : 20067B
Loader jdk.internal.reflect.DelegatingClassLoader                                      : 5635B


---------------  S Y S T E M  ---------------

OS:
 Windows 11 , 64 bit Build 22621 (10.0.22621.3085)
OS uptime: 1 days 22:45 hours

CPU: total 2 (initial active 2) (2 cores per cpu, 1 threads per core) family 23 model 24 stepping 1 microcode 0x0, cx8, cmov, fxsr, mmx, 3dnowpref, sse, sse2, sse3, ssse3, sse4a, sse4.1, sse4.2, popcnt, lzcnt, tsc, tscinvbit, avx, avx2, aes, clmul, bmi1, bmi2, adx, sha, fma, vzeroupper, clflush, clflushopt

Memory: 4k page, system-wide physical 3470M (238M free)
TotalPageFile size 14222M (AvailPageFile size 26M)
current process WorkingSet (physical memory assigned to process): 135M, peak: 135M
current process commit charge ("private bytes"): 172M, peak: 173M

vm_info: OpenJDK 64-Bit Server VM (17.0.7+0-b2043.56-10550314) for windows-amd64 JRE (17.0.7+0-b2043.56-10550314), built on Jul 24 2023 18:27:45 by "androidbuild" with MS VC++ 16.10 / 16.11 (VS2019)

END.
